2023-10-18 04:11:16,227 - main - INFO - PyTorch is currently running on: cuda
2023-10-18 04:11:16,230 - main - INFO - Initial parameters: {'n_population': 64, 'tau_mem': 0.084, 'tau_syn': 0.067}
2023-10-18 04:11:24,316 - main - INFO - Loaded 71464 events from file ../data/wisdm_watch_full_40_encoded.npy
2023-10-18 04:11:24,468 - main - INFO - Generated events partitions: train(42878), val(14293, test(14293))
2023-10-18 04:11:24,520 - main - INFO - Built network: 
TorchSequential  with shape (12, 7) {
    LinearTorch '0_LinearTorch' with shape (12, 64)
    LIFTorch '1_LIFTorch' with shape (64, 64)
    TorchResidual '2_TorchResidual' with shape (64, 64) {
        LinearTorch '0_LinearTorch' with shape (64, 64)
        LIFTorch '1_LIFTorch' with shape (64, 64)
    }
    LinearTorch '3_LinearTorch' with shape (64, 7)
    LIFTorch '4_LIFTorch' with shape (7, 7)
}
2023-10-18 04:11:25,587 - main - INFO - Dropped 1 output synapses each for 12 neurons in layer LinearTorch '0_LinearTorch' with shape (12, 64) (Rec:None)
2023-10-18 04:11:25,590 - main - INFO - Dropped 1 output synapses each for 64 neurons in layer LinearTorch '0_LinearTorch' with shape (64, 64) (Rec:None)
2023-10-18 04:11:30,207 - main - INFO - Epoch 0 -> Loss:2.1312597960960575, Acc:0.1807877982229063, Best Acc:0.1807877982229063
2023-10-18 04:12:03,358 - main - INFO - Dropped 1 output synapses each for 12 neurons in layer LinearTorch '0_LinearTorch' with shape (12, 64) (Rec:None)
2023-10-18 04:12:03,361 - main - INFO - Dropped 1 output synapses each for 61 neurons in layer LinearTorch '0_LinearTorch' with shape (64, 64) (Rec:None)
2023-10-18 04:12:45,265 - main - INFO - Dropped 1 output synapses each for 11 neurons in layer LinearTorch '0_LinearTorch' with shape (12, 64) (Rec:None)
2023-10-18 04:12:45,267 - main - INFO - Dropped 1 output synapses each for 63 neurons in layer LinearTorch '0_LinearTorch' with shape (64, 64) (Rec:None)
2023-10-18 04:13:28,249 - main - INFO - Dropped 1 output synapses each for 11 neurons in layer LinearTorch '0_LinearTorch' with shape (12, 64) (Rec:None)
2023-10-18 04:13:28,252 - main - INFO - Dropped 1 output synapses each for 63 neurons in layer LinearTorch '0_LinearTorch' with shape (64, 64) (Rec:None)
2023-10-18 04:14:11,449 - main - INFO - Dropped 1 output synapses each for 11 neurons in layer LinearTorch '0_LinearTorch' with shape (12, 64) (Rec:None)
2023-10-18 04:14:11,452 - main - INFO - Dropped 1 output synapses each for 63 neurons in layer LinearTorch '0_LinearTorch' with shape (64, 64) (Rec:None)
2023-10-18 04:14:54,518 - main - INFO - Dropped 1 output synapses each for 11 neurons in layer LinearTorch '0_LinearTorch' with shape (12, 64) (Rec:None)
2023-10-18 04:14:54,521 - main - INFO - Dropped 1 output synapses each for 63 neurons in layer LinearTorch '0_LinearTorch' with shape (64, 64) (Rec:None)
2023-10-18 04:15:37,341 - main - INFO - Dropped 1 output synapses each for 11 neurons in layer LinearTorch '0_LinearTorch' with shape (12, 64) (Rec:None)
2023-10-18 04:15:37,344 - main - INFO - Dropped 1 output synapses each for 63 neurons in layer LinearTorch '0_LinearTorch' with shape (64, 64) (Rec:None)
2023-10-18 04:16:20,200 - main - INFO - Dropped 1 output synapses each for 11 neurons in layer LinearTorch '0_LinearTorch' with shape (12, 64) (Rec:None)
2023-10-18 04:16:20,202 - main - INFO - Dropped 1 output synapses each for 63 neurons in layer LinearTorch '0_LinearTorch' with shape (64, 64) (Rec:None)
2023-10-18 04:17:03,169 - main - INFO - Dropped 1 output synapses each for 11 neurons in layer LinearTorch '0_LinearTorch' with shape (12, 64) (Rec:None)
2023-10-18 04:17:03,172 - main - INFO - Dropped 1 output synapses each for 63 neurons in layer LinearTorch '0_LinearTorch' with shape (64, 64) (Rec:None)
2023-10-18 04:17:46,041 - main - INFO - Dropped 1 output synapses each for 11 neurons in layer LinearTorch '0_LinearTorch' with shape (12, 64) (Rec:None)
2023-10-18 04:17:46,044 - main - INFO - Dropped 1 output synapses each for 63 neurons in layer LinearTorch '0_LinearTorch' with shape (64, 64) (Rec:None)
2023-10-18 04:18:28,901 - main - INFO - Dropped 1 output synapses each for 11 neurons in layer LinearTorch '0_LinearTorch' with shape (12, 64) (Rec:None)
2023-10-18 04:18:28,904 - main - INFO - Dropped 1 output synapses each for 63 neurons in layer LinearTorch '0_LinearTorch' with shape (64, 64) (Rec:None)
2023-10-18 04:18:33,148 - main - INFO - Epoch 100 -> Loss:0.8107849795643877, Acc:0.7098579724340586, Best Acc:0.7155250822080739
2023-10-18 04:19:11,774 - main - INFO - Dropped 1 output synapses each for 11 neurons in layer LinearTorch '0_LinearTorch' with shape (12, 64) (Rec:None)
2023-10-18 04:19:11,777 - main - INFO - Dropped 1 output synapses each for 63 neurons in layer LinearTorch '0_LinearTorch' with shape (64, 64) (Rec:None)
2023-10-18 04:19:54,783 - main - INFO - Dropped 1 output synapses each for 11 neurons in layer LinearTorch '0_LinearTorch' with shape (12, 64) (Rec:None)
2023-10-18 04:19:54,786 - main - INFO - Dropped 1 output synapses each for 63 neurons in layer LinearTorch '0_LinearTorch' with shape (64, 64) (Rec:None)
2023-10-18 04:20:37,644 - main - INFO - Dropped 1 output synapses each for 11 neurons in layer LinearTorch '0_LinearTorch' with shape (12, 64) (Rec:None)
2023-10-18 04:20:37,647 - main - INFO - Dropped 1 output synapses each for 63 neurons in layer LinearTorch '0_LinearTorch' with shape (64, 64) (Rec:None)
2023-10-18 04:21:20,706 - main - INFO - Dropped 1 output synapses each for 11 neurons in layer LinearTorch '0_LinearTorch' with shape (12, 64) (Rec:None)
2023-10-18 04:21:20,708 - main - INFO - Dropped 1 output synapses each for 63 neurons in layer LinearTorch '0_LinearTorch' with shape (64, 64) (Rec:None)
2023-10-18 04:22:03,787 - main - INFO - Dropped 1 output synapses each for 11 neurons in layer LinearTorch '0_LinearTorch' with shape (12, 64) (Rec:None)
2023-10-18 04:22:03,790 - main - INFO - Dropped 1 output synapses each for 63 neurons in layer LinearTorch '0_LinearTorch' with shape (64, 64) (Rec:None)
2023-10-18 04:22:46,620 - main - INFO - Dropped 1 output synapses each for 11 neurons in layer LinearTorch '0_LinearTorch' with shape (12, 64) (Rec:None)
2023-10-18 04:22:46,622 - main - INFO - Dropped 1 output synapses each for 63 neurons in layer LinearTorch '0_LinearTorch' with shape (64, 64) (Rec:None)
2023-10-18 04:23:29,512 - main - INFO - Dropped 1 output synapses each for 11 neurons in layer LinearTorch '0_LinearTorch' with shape (12, 64) (Rec:None)
2023-10-18 04:23:29,515 - main - INFO - Dropped 1 output synapses each for 63 neurons in layer LinearTorch '0_LinearTorch' with shape (64, 64) (Rec:None)
2023-10-18 04:24:12,425 - main - INFO - Dropped 1 output synapses each for 11 neurons in layer LinearTorch '0_LinearTorch' with shape (12, 64) (Rec:None)
2023-10-18 04:24:12,428 - main - INFO - Dropped 1 output synapses each for 63 neurons in layer LinearTorch '0_LinearTorch' with shape (64, 64) (Rec:None)
2023-10-18 04:24:55,370 - main - INFO - Dropped 1 output synapses each for 11 neurons in layer LinearTorch '0_LinearTorch' with shape (12, 64) (Rec:None)
2023-10-18 04:24:55,373 - main - INFO - Dropped 1 output synapses each for 63 neurons in layer LinearTorch '0_LinearTorch' with shape (64, 64) (Rec:None)
2023-10-18 04:25:38,257 - main - INFO - Dropped 1 output synapses each for 11 neurons in layer LinearTorch '0_LinearTorch' with shape (12, 64) (Rec:None)
2023-10-18 04:25:38,260 - main - INFO - Dropped 1 output synapses each for 63 neurons in layer LinearTorch '0_LinearTorch' with shape (64, 64) (Rec:None)
2023-10-18 04:25:42,797 - main - INFO - Epoch 200 -> Loss:0.7820233353754369, Acc:0.7178339047085985, Best Acc:0.7287483383474428
2023-10-18 04:26:21,672 - main - INFO - Dropped 1 output synapses each for 11 neurons in layer LinearTorch '0_LinearTorch' with shape (12, 64) (Rec:None)
2023-10-18 04:26:21,675 - main - INFO - Dropped 1 output synapses each for 63 neurons in layer LinearTorch '0_LinearTorch' with shape (64, 64) (Rec:None)
2023-10-18 04:27:04,664 - main - INFO - Dropped 1 output synapses each for 11 neurons in layer LinearTorch '0_LinearTorch' with shape (12, 64) (Rec:None)
2023-10-18 04:27:04,667 - main - INFO - Dropped 1 output synapses each for 63 neurons in layer LinearTorch '0_LinearTorch' with shape (64, 64) (Rec:None)
2023-10-18 04:27:47,394 - main - INFO - Dropped 1 output synapses each for 11 neurons in layer LinearTorch '0_LinearTorch' with shape (12, 64) (Rec:None)
2023-10-18 04:27:47,397 - main - INFO - Dropped 1 output synapses each for 63 neurons in layer LinearTorch '0_LinearTorch' with shape (64, 64) (Rec:None)
2023-10-18 04:28:30,520 - main - INFO - Dropped 1 output synapses each for 11 neurons in layer LinearTorch '0_LinearTorch' with shape (12, 64) (Rec:None)
2023-10-18 04:28:30,523 - main - INFO - Dropped 1 output synapses each for 63 neurons in layer LinearTorch '0_LinearTorch' with shape (64, 64) (Rec:None)
2023-10-18 04:29:13,562 - main - INFO - Training finished with accuracy: 0.7378436997131462
