2023-10-22 10:20:34,842 - main - INFO - PyTorch is currently running on: cuda
2023-10-22 10:20:34,845 - main - INFO - Initial parameters: {'n_population': 256, 'tau_mem': 0.177, 'tau_syn': 0.065}
2023-10-22 10:20:42,875 - main - INFO - Loaded 71464 events from file ../data/wisdm_watch_full_40_encoded.npy
2023-10-22 10:20:43,030 - main - INFO - Generated events partitions: train(42878), val(14293, test(14293))
2023-10-22 10:20:43,083 - main - INFO - Built network: 
TorchSequential  with shape (12, 7) {
    LinearTorch '0_LinearTorch' with shape (12, 256)
    LIFTorch '1_LIFTorch' with shape (256, 256)
    LinearTorch '2_LinearTorch' with shape (256, 7)
    LIFTorch '3_LIFTorch' with shape (7, 7)
}
2023-10-22 10:20:44,364 - main - INFO - Dropped 193 output synapses each for 12 neurons in layer LinearTorch '0_LinearTorch' with shape (12, 256) (Rec:None)
2023-10-22 10:20:44,379 - main - INFO - Dropped 200 output synapses each for 256 neurons in layer LinearTorch '2_LinearTorch' with shape (256, 7) (Rec:LIFTorch '1_LIFTorch' with shape (256, 256))
2023-10-22 10:20:50,998 - main - INFO - Epoch 0 -> Loss:1.7628299317708829, Acc:0.3775974253130903, Best Acc:0.3775974253130903
2023-10-22 10:21:41,800 - main - INFO - Dropped 192 output synapses each for 12 neurons in layer LinearTorch '0_LinearTorch' with shape (12, 256) (Rec:None)
2023-10-22 10:21:41,816 - main - INFO - Dropped 198 output synapses each for 253 neurons in layer LinearTorch '2_LinearTorch' with shape (256, 7) (Rec:LIFTorch '1_LIFTorch' with shape (256, 256))
2023-10-22 10:22:38,021 - main - INFO - Dropped 192 output synapses each for 12 neurons in layer LinearTorch '0_LinearTorch' with shape (12, 256) (Rec:None)
2023-10-22 10:22:38,037 - main - INFO - Dropped 198 output synapses each for 254 neurons in layer LinearTorch '2_LinearTorch' with shape (256, 7) (Rec:LIFTorch '1_LIFTorch' with shape (256, 256))
2023-10-22 10:23:34,267 - main - INFO - Dropped 192 output synapses each for 12 neurons in layer LinearTorch '0_LinearTorch' with shape (12, 256) (Rec:None)
2023-10-22 10:23:34,282 - main - INFO - Dropped 198 output synapses each for 254 neurons in layer LinearTorch '2_LinearTorch' with shape (256, 7) (Rec:LIFTorch '1_LIFTorch' with shape (256, 256))
2023-10-22 10:24:30,409 - main - INFO - Dropped 192 output synapses each for 12 neurons in layer LinearTorch '0_LinearTorch' with shape (12, 256) (Rec:None)
2023-10-22 10:24:30,424 - main - INFO - Dropped 199 output synapses each for 255 neurons in layer LinearTorch '2_LinearTorch' with shape (256, 7) (Rec:LIFTorch '1_LIFTorch' with shape (256, 256))
2023-10-22 10:25:26,692 - main - INFO - Dropped 192 output synapses each for 12 neurons in layer LinearTorch '0_LinearTorch' with shape (12, 256) (Rec:None)
2023-10-22 10:25:26,706 - main - INFO - Dropped 199 output synapses each for 255 neurons in layer LinearTorch '2_LinearTorch' with shape (256, 7) (Rec:LIFTorch '1_LIFTorch' with shape (256, 256))
2023-10-22 10:26:22,927 - main - INFO - Dropped 192 output synapses each for 12 neurons in layer LinearTorch '0_LinearTorch' with shape (12, 256) (Rec:None)
2023-10-22 10:26:22,941 - main - INFO - Dropped 199 output synapses each for 255 neurons in layer LinearTorch '2_LinearTorch' with shape (256, 7) (Rec:LIFTorch '1_LIFTorch' with shape (256, 256))
2023-10-22 10:27:19,127 - main - INFO - Dropped 192 output synapses each for 12 neurons in layer LinearTorch '0_LinearTorch' with shape (12, 256) (Rec:None)
2023-10-22 10:27:19,141 - main - INFO - Dropped 199 output synapses each for 255 neurons in layer LinearTorch '2_LinearTorch' with shape (256, 7) (Rec:LIFTorch '1_LIFTorch' with shape (256, 256))
2023-10-22 10:28:15,301 - main - INFO - Dropped 192 output synapses each for 12 neurons in layer LinearTorch '0_LinearTorch' with shape (12, 256) (Rec:None)
2023-10-22 10:28:15,317 - main - INFO - Dropped 199 output synapses each for 255 neurons in layer LinearTorch '2_LinearTorch' with shape (256, 7) (Rec:LIFTorch '1_LIFTorch' with shape (256, 256))
2023-10-22 10:29:11,662 - main - INFO - Dropped 192 output synapses each for 12 neurons in layer LinearTorch '0_LinearTorch' with shape (12, 256) (Rec:None)
2023-10-22 10:29:11,676 - main - INFO - Dropped 199 output synapses each for 255 neurons in layer LinearTorch '2_LinearTorch' with shape (256, 7) (Rec:LIFTorch '1_LIFTorch' with shape (256, 256))
2023-10-22 10:30:08,110 - main - INFO - Dropped 192 output synapses each for 12 neurons in layer LinearTorch '0_LinearTorch' with shape (12, 256) (Rec:None)
2023-10-22 10:30:08,125 - main - INFO - Dropped 199 output synapses each for 255 neurons in layer LinearTorch '2_LinearTorch' with shape (256, 7) (Rec:LIFTorch '1_LIFTorch' with shape (256, 256))
2023-10-22 10:30:13,774 - main - INFO - Epoch 100 -> Loss:0.6292308118285203, Acc:0.7703771076750857, Best Acc:0.7840201497236409
2023-10-22 10:31:04,491 - main - INFO - Dropped 192 output synapses each for 12 neurons in layer LinearTorch '0_LinearTorch' with shape (12, 256) (Rec:None)
2023-10-22 10:31:04,507 - main - INFO - Dropped 199 output synapses each for 255 neurons in layer LinearTorch '2_LinearTorch' with shape (256, 7) (Rec:LIFTorch '1_LIFTorch' with shape (256, 256))
2023-10-22 10:32:00,786 - main - INFO - Dropped 192 output synapses each for 12 neurons in layer LinearTorch '0_LinearTorch' with shape (12, 256) (Rec:None)
2023-10-22 10:32:00,802 - main - INFO - Dropped 199 output synapses each for 255 neurons in layer LinearTorch '2_LinearTorch' with shape (256, 7) (Rec:LIFTorch '1_LIFTorch' with shape (256, 256))
2023-10-22 10:32:57,231 - main - INFO - Dropped 192 output synapses each for 12 neurons in layer LinearTorch '0_LinearTorch' with shape (12, 256) (Rec:None)
2023-10-22 10:32:57,245 - main - INFO - Dropped 199 output synapses each for 255 neurons in layer LinearTorch '2_LinearTorch' with shape (256, 7) (Rec:LIFTorch '1_LIFTorch' with shape (256, 256))
2023-10-22 10:33:53,536 - main - INFO - Dropped 192 output synapses each for 12 neurons in layer LinearTorch '0_LinearTorch' with shape (12, 256) (Rec:None)
2023-10-22 10:33:53,552 - main - INFO - Dropped 199 output synapses each for 255 neurons in layer LinearTorch '2_LinearTorch' with shape (256, 7) (Rec:LIFTorch '1_LIFTorch' with shape (256, 256))
2023-10-22 10:34:49,838 - main - INFO - Dropped 192 output synapses each for 12 neurons in layer LinearTorch '0_LinearTorch' with shape (12, 256) (Rec:None)
2023-10-22 10:34:49,852 - main - INFO - Dropped 199 output synapses each for 255 neurons in layer LinearTorch '2_LinearTorch' with shape (256, 7) (Rec:LIFTorch '1_LIFTorch' with shape (256, 256))
2023-10-22 10:35:46,031 - main - INFO - Dropped 192 output synapses each for 12 neurons in layer LinearTorch '0_LinearTorch' with shape (12, 256) (Rec:None)
2023-10-22 10:35:46,047 - main - INFO - Dropped 199 output synapses each for 255 neurons in layer LinearTorch '2_LinearTorch' with shape (256, 7) (Rec:LIFTorch '1_LIFTorch' with shape (256, 256))
2023-10-22 10:36:42,311 - main - INFO - Dropped 192 output synapses each for 12 neurons in layer LinearTorch '0_LinearTorch' with shape (12, 256) (Rec:None)
2023-10-22 10:36:42,327 - main - INFO - Dropped 199 output synapses each for 255 neurons in layer LinearTorch '2_LinearTorch' with shape (256, 7) (Rec:LIFTorch '1_LIFTorch' with shape (256, 256))
2023-10-22 10:37:38,534 - main - INFO - Dropped 192 output synapses each for 12 neurons in layer LinearTorch '0_LinearTorch' with shape (12, 256) (Rec:None)
2023-10-22 10:37:38,550 - main - INFO - Dropped 199 output synapses each for 255 neurons in layer LinearTorch '2_LinearTorch' with shape (256, 7) (Rec:LIFTorch '1_LIFTorch' with shape (256, 256))
2023-10-22 10:38:34,806 - main - INFO - Dropped 192 output synapses each for 12 neurons in layer LinearTorch '0_LinearTorch' with shape (12, 256) (Rec:None)
2023-10-22 10:38:34,820 - main - INFO - Dropped 199 output synapses each for 255 neurons in layer LinearTorch '2_LinearTorch' with shape (256, 7) (Rec:LIFTorch '1_LIFTorch' with shape (256, 256))
2023-10-22 10:39:31,157 - main - INFO - Dropped 192 output synapses each for 12 neurons in layer LinearTorch '0_LinearTorch' with shape (12, 256) (Rec:None)
2023-10-22 10:39:31,171 - main - INFO - Dropped 199 output synapses each for 255 neurons in layer LinearTorch '2_LinearTorch' with shape (256, 7) (Rec:LIFTorch '1_LIFTorch' with shape (256, 256))
2023-10-22 10:39:36,792 - main - INFO - Epoch 200 -> Loss:0.5729715082703567, Acc:0.7591128524452528, Best Acc:0.7903869026796333
2023-10-22 10:40:27,439 - main - INFO - Dropped 192 output synapses each for 12 neurons in layer LinearTorch '0_LinearTorch' with shape (12, 256) (Rec:None)
2023-10-22 10:40:27,455 - main - INFO - Dropped 199 output synapses each for 255 neurons in layer LinearTorch '2_LinearTorch' with shape (256, 7) (Rec:LIFTorch '1_LIFTorch' with shape (256, 256))
2023-10-22 10:41:23,652 - main - INFO - Dropped 192 output synapses each for 12 neurons in layer LinearTorch '0_LinearTorch' with shape (12, 256) (Rec:None)
2023-10-22 10:41:23,668 - main - INFO - Dropped 199 output synapses each for 255 neurons in layer LinearTorch '2_LinearTorch' with shape (256, 7) (Rec:LIFTorch '1_LIFTorch' with shape (256, 256))
2023-10-22 10:42:19,916 - main - INFO - Dropped 192 output synapses each for 12 neurons in layer LinearTorch '0_LinearTorch' with shape (12, 256) (Rec:None)
2023-10-22 10:42:19,930 - main - INFO - Dropped 199 output synapses each for 255 neurons in layer LinearTorch '2_LinearTorch' with shape (256, 7) (Rec:LIFTorch '1_LIFTorch' with shape (256, 256))
2023-10-22 10:43:16,204 - main - INFO - Dropped 192 output synapses each for 12 neurons in layer LinearTorch '0_LinearTorch' with shape (12, 256) (Rec:None)
2023-10-22 10:43:16,218 - main - INFO - Dropped 199 output synapses each for 255 neurons in layer LinearTorch '2_LinearTorch' with shape (256, 7) (Rec:LIFTorch '1_LIFTorch' with shape (256, 256))
2023-10-22 10:44:12,540 - main - INFO - Training finished with accuracy: 0.8013713006366753
