2023-10-23 16:30:54,732 - main - INFO - PyTorch is currently running on: cuda
2023-10-23 16:30:54,736 - main - INFO - Initial parameters: {'n_population': 256, 'tau_mem': 0.115, 'tau_syn': 0.068}
2023-10-23 16:31:02,865 - main - INFO - Loaded 71464 events from file ../data/4bit_spikeset_PHASE_full.npy
2023-10-23 16:31:03,016 - main - INFO - Generated events partitions: train(42878), val(14293, test(14293))
2023-10-23 16:31:03,068 - main - INFO - Built network: 
TorchSequential  with shape (12, 7) {
    LinearTorch '0_LinearTorch' with shape (12, 256)
    LIFTorch '1_LIFTorch' with shape (256, 256)
    LinearTorch '2_LinearTorch' with shape (256, 256)
    LIFTorch '3_LIFTorch' with shape (256, 256)
    LinearTorch '4_LinearTorch' with shape (256, 7)
    LIFTorch '5_LIFTorch' with shape (7, 7)
}
2023-10-23 16:31:04,342 - main - INFO - Dropped 193 output synapses each for 12 neurons in layer LinearTorch '0_LinearTorch' with shape (12, 256) (Rec:None)
2023-10-23 16:31:04,356 - main - INFO - Dropped 193 output synapses each for 256 neurons in layer LinearTorch '2_LinearTorch' with shape (256, 256) (Rec:None)
2023-10-23 16:31:04,371 - main - INFO - Dropped 200 output synapses each for 256 neurons in layer LinearTorch '4_LinearTorch' with shape (256, 7) (Rec:LIFTorch '3_LIFTorch' with shape (256, 256))
2023-10-23 16:31:15,227 - main - INFO - Epoch 0 -> Loss:1.9419751487127164, Acc:0.16273700412789477, Best Acc:0.16273700412789477
2023-10-23 16:32:43,899 - main - INFO - Dropped 142 output synapses each for 12 neurons in layer LinearTorch '0_LinearTorch' with shape (12, 256) (Rec:None)
2023-10-23 16:32:43,913 - main - INFO - Dropped 187 output synapses each for 198 neurons in layer LinearTorch '2_LinearTorch' with shape (256, 256) (Rec:None)
2023-10-23 16:32:43,928 - main - INFO - Dropped 183 output synapses each for 237 neurons in layer LinearTorch '4_LinearTorch' with shape (256, 7) (Rec:LIFTorch '3_LIFTorch' with shape (256, 256))
2023-10-23 16:34:22,428 - main - INFO - Dropped 142 output synapses each for 12 neurons in layer LinearTorch '0_LinearTorch' with shape (12, 256) (Rec:None)
2023-10-23 16:34:22,441 - main - INFO - Dropped 191 output synapses each for 198 neurons in layer LinearTorch '2_LinearTorch' with shape (256, 256) (Rec:None)
2023-10-23 16:34:22,457 - main - INFO - Dropped 195 output synapses each for 249 neurons in layer LinearTorch '4_LinearTorch' with shape (256, 7) (Rec:LIFTorch '3_LIFTorch' with shape (256, 256))
2023-10-23 16:36:00,830 - main - INFO - Dropped 142 output synapses each for 12 neurons in layer LinearTorch '0_LinearTorch' with shape (12, 256) (Rec:None)
2023-10-23 16:36:00,843 - main - INFO - Dropped 192 output synapses each for 198 neurons in layer LinearTorch '2_LinearTorch' with shape (256, 256) (Rec:None)
2023-10-23 16:36:00,859 - main - INFO - Dropped 197 output synapses each for 253 neurons in layer LinearTorch '4_LinearTorch' with shape (256, 7) (Rec:LIFTorch '3_LIFTorch' with shape (256, 256))
2023-10-23 16:37:39,238 - main - INFO - Dropped 142 output synapses each for 12 neurons in layer LinearTorch '0_LinearTorch' with shape (12, 256) (Rec:None)
2023-10-23 16:37:39,250 - main - INFO - Dropped 192 output synapses each for 198 neurons in layer LinearTorch '2_LinearTorch' with shape (256, 256) (Rec:None)
2023-10-23 16:37:39,265 - main - INFO - Dropped 198 output synapses each for 255 neurons in layer LinearTorch '4_LinearTorch' with shape (256, 7) (Rec:LIFTorch '3_LIFTorch' with shape (256, 256))
2023-10-23 16:39:17,560 - main - INFO - Dropped 142 output synapses each for 12 neurons in layer LinearTorch '0_LinearTorch' with shape (12, 256) (Rec:None)
2023-10-23 16:39:17,572 - main - INFO - Dropped 192 output synapses each for 198 neurons in layer LinearTorch '2_LinearTorch' with shape (256, 256) (Rec:None)
2023-10-23 16:39:17,587 - main - INFO - Dropped 199 output synapses each for 256 neurons in layer LinearTorch '4_LinearTorch' with shape (256, 7) (Rec:LIFTorch '3_LIFTorch' with shape (256, 256))
2023-10-23 16:40:56,214 - main - INFO - Dropped 142 output synapses each for 12 neurons in layer LinearTorch '0_LinearTorch' with shape (12, 256) (Rec:None)
2023-10-23 16:40:56,227 - main - INFO - Dropped 192 output synapses each for 198 neurons in layer LinearTorch '2_LinearTorch' with shape (256, 256) (Rec:None)
2023-10-23 16:40:56,241 - main - INFO - Dropped 199 output synapses each for 256 neurons in layer LinearTorch '4_LinearTorch' with shape (256, 7) (Rec:LIFTorch '3_LIFTorch' with shape (256, 256))
2023-10-23 16:42:34,459 - main - INFO - Dropped 142 output synapses each for 12 neurons in layer LinearTorch '0_LinearTorch' with shape (12, 256) (Rec:None)
2023-10-23 16:42:34,471 - main - INFO - Dropped 192 output synapses each for 198 neurons in layer LinearTorch '2_LinearTorch' with shape (256, 256) (Rec:None)
2023-10-23 16:42:34,485 - main - INFO - Dropped 199 output synapses each for 256 neurons in layer LinearTorch '4_LinearTorch' with shape (256, 7) (Rec:LIFTorch '3_LIFTorch' with shape (256, 256))
2023-10-23 16:44:12,678 - main - INFO - Dropped 142 output synapses each for 12 neurons in layer LinearTorch '0_LinearTorch' with shape (12, 256) (Rec:None)
2023-10-23 16:44:12,691 - main - INFO - Dropped 192 output synapses each for 198 neurons in layer LinearTorch '2_LinearTorch' with shape (256, 256) (Rec:None)
2023-10-23 16:44:12,707 - main - INFO - Dropped 199 output synapses each for 256 neurons in layer LinearTorch '4_LinearTorch' with shape (256, 7) (Rec:LIFTorch '3_LIFTorch' with shape (256, 256))
2023-10-23 16:45:47,410 - main - INFO - Dropped 142 output synapses each for 12 neurons in layer LinearTorch '0_LinearTorch' with shape (12, 256) (Rec:None)
2023-10-23 16:45:47,422 - main - INFO - Dropped 192 output synapses each for 198 neurons in layer LinearTorch '2_LinearTorch' with shape (256, 256) (Rec:None)
2023-10-23 16:45:47,436 - main - INFO - Dropped 199 output synapses each for 256 neurons in layer LinearTorch '4_LinearTorch' with shape (256, 7) (Rec:LIFTorch '3_LIFTorch' with shape (256, 256))
2023-10-23 16:47:20,674 - main - INFO - Dropped 142 output synapses each for 12 neurons in layer LinearTorch '0_LinearTorch' with shape (12, 256) (Rec:None)
2023-10-23 16:47:20,686 - main - INFO - Dropped 192 output synapses each for 198 neurons in layer LinearTorch '2_LinearTorch' with shape (256, 256) (Rec:None)
2023-10-23 16:47:20,700 - main - INFO - Dropped 199 output synapses each for 256 neurons in layer LinearTorch '4_LinearTorch' with shape (256, 7) (Rec:LIFTorch '3_LIFTorch' with shape (256, 256))
2023-10-23 16:47:30,628 - main - INFO - Epoch 100 -> Loss:0.6495662506033735, Acc:0.7682781781291541, Best Acc:0.778772825858812
2023-10-23 16:48:58,903 - main - INFO - Dropped 142 output synapses each for 12 neurons in layer LinearTorch '0_LinearTorch' with shape (12, 256) (Rec:None)
2023-10-23 16:48:58,914 - main - INFO - Dropped 192 output synapses each for 198 neurons in layer LinearTorch '2_LinearTorch' with shape (256, 256) (Rec:None)
2023-10-23 16:48:58,929 - main - INFO - Dropped 199 output synapses each for 256 neurons in layer LinearTorch '4_LinearTorch' with shape (256, 7) (Rec:LIFTorch '3_LIFTorch' with shape (256, 256))
2023-10-23 16:50:36,930 - main - INFO - Dropped 142 output synapses each for 12 neurons in layer LinearTorch '0_LinearTorch' with shape (12, 256) (Rec:None)
2023-10-23 16:50:36,942 - main - INFO - Dropped 192 output synapses each for 198 neurons in layer LinearTorch '2_LinearTorch' with shape (256, 256) (Rec:None)
2023-10-23 16:50:36,956 - main - INFO - Dropped 199 output synapses each for 256 neurons in layer LinearTorch '4_LinearTorch' with shape (256, 7) (Rec:LIFTorch '3_LIFTorch' with shape (256, 256))
2023-10-23 16:52:14,927 - main - INFO - Dropped 142 output synapses each for 12 neurons in layer LinearTorch '0_LinearTorch' with shape (12, 256) (Rec:None)
2023-10-23 16:52:14,939 - main - INFO - Dropped 192 output synapses each for 198 neurons in layer LinearTorch '2_LinearTorch' with shape (256, 256) (Rec:None)
2023-10-23 16:52:14,954 - main - INFO - Dropped 199 output synapses each for 256 neurons in layer LinearTorch '4_LinearTorch' with shape (256, 7) (Rec:LIFTorch '3_LIFTorch' with shape (256, 256))
2023-10-23 16:53:52,970 - main - INFO - Dropped 142 output synapses each for 12 neurons in layer LinearTorch '0_LinearTorch' with shape (12, 256) (Rec:None)
2023-10-23 16:53:52,984 - main - INFO - Dropped 192 output synapses each for 198 neurons in layer LinearTorch '2_LinearTorch' with shape (256, 256) (Rec:None)
2023-10-23 16:53:53,000 - main - INFO - Dropped 199 output synapses each for 256 neurons in layer LinearTorch '4_LinearTorch' with shape (256, 7) (Rec:LIFTorch '3_LIFTorch' with shape (256, 256))
2023-10-23 16:55:31,115 - main - INFO - Dropped 142 output synapses each for 12 neurons in layer LinearTorch '0_LinearTorch' with shape (12, 256) (Rec:None)
2023-10-23 16:55:31,128 - main - INFO - Dropped 192 output synapses each for 198 neurons in layer LinearTorch '2_LinearTorch' with shape (256, 256) (Rec:None)
2023-10-23 16:55:31,144 - main - INFO - Dropped 199 output synapses each for 256 neurons in layer LinearTorch '4_LinearTorch' with shape (256, 7) (Rec:LIFTorch '3_LIFTorch' with shape (256, 256))
2023-10-23 16:57:09,453 - main - INFO - Dropped 142 output synapses each for 12 neurons in layer LinearTorch '0_LinearTorch' with shape (12, 256) (Rec:None)
2023-10-23 16:57:09,465 - main - INFO - Dropped 192 output synapses each for 198 neurons in layer LinearTorch '2_LinearTorch' with shape (256, 256) (Rec:None)
2023-10-23 16:57:09,479 - main - INFO - Dropped 199 output synapses each for 256 neurons in layer LinearTorch '4_LinearTorch' with shape (256, 7) (Rec:LIFTorch '3_LIFTorch' with shape (256, 256))
2023-10-23 16:58:47,397 - main - INFO - Dropped 142 output synapses each for 12 neurons in layer LinearTorch '0_LinearTorch' with shape (12, 256) (Rec:None)
2023-10-23 16:58:47,411 - main - INFO - Dropped 192 output synapses each for 198 neurons in layer LinearTorch '2_LinearTorch' with shape (256, 256) (Rec:None)
2023-10-23 16:58:47,427 - main - INFO - Dropped 199 output synapses each for 256 neurons in layer LinearTorch '4_LinearTorch' with shape (256, 7) (Rec:LIFTorch '3_LIFTorch' with shape (256, 256))
2023-10-23 17:00:25,402 - main - INFO - Dropped 142 output synapses each for 12 neurons in layer LinearTorch '0_LinearTorch' with shape (12, 256) (Rec:None)
2023-10-23 17:00:25,415 - main - INFO - Dropped 192 output synapses each for 198 neurons in layer LinearTorch '2_LinearTorch' with shape (256, 256) (Rec:None)
2023-10-23 17:00:25,436 - main - INFO - Dropped 199 output synapses each for 256 neurons in layer LinearTorch '4_LinearTorch' with shape (256, 7) (Rec:LIFTorch '3_LIFTorch' with shape (256, 256))
2023-10-23 17:02:03,567 - main - INFO - Dropped 142 output synapses each for 12 neurons in layer LinearTorch '0_LinearTorch' with shape (12, 256) (Rec:None)
2023-10-23 17:02:03,579 - main - INFO - Dropped 192 output synapses each for 198 neurons in layer LinearTorch '2_LinearTorch' with shape (256, 256) (Rec:None)
2023-10-23 17:02:03,593 - main - INFO - Dropped 199 output synapses each for 256 neurons in layer LinearTorch '4_LinearTorch' with shape (256, 7) (Rec:LIFTorch '3_LIFTorch' with shape (256, 256))
2023-10-23 17:03:41,614 - main - INFO - Dropped 142 output synapses each for 12 neurons in layer LinearTorch '0_LinearTorch' with shape (12, 256) (Rec:None)
2023-10-23 17:03:41,627 - main - INFO - Dropped 192 output synapses each for 198 neurons in layer LinearTorch '2_LinearTorch' with shape (256, 256) (Rec:None)
2023-10-23 17:03:41,643 - main - INFO - Dropped 199 output synapses each for 256 neurons in layer LinearTorch '4_LinearTorch' with shape (256, 7) (Rec:LIFTorch '3_LIFTorch' with shape (256, 256))
2023-10-23 17:03:51,555 - main - INFO - Epoch 200 -> Loss:0.5724742841429826, Acc:0.781011684041139, Best Acc:0.7961239767718463
2023-10-23 17:05:19,766 - main - INFO - Dropped 142 output synapses each for 12 neurons in layer LinearTorch '0_LinearTorch' with shape (12, 256) (Rec:None)
2023-10-23 17:05:19,778 - main - INFO - Dropped 192 output synapses each for 198 neurons in layer LinearTorch '2_LinearTorch' with shape (256, 256) (Rec:None)
2023-10-23 17:05:19,792 - main - INFO - Dropped 199 output synapses each for 256 neurons in layer LinearTorch '4_LinearTorch' with shape (256, 7) (Rec:LIFTorch '3_LIFTorch' with shape (256, 256))
2023-10-23 17:06:57,837 - main - INFO - Dropped 142 output synapses each for 12 neurons in layer LinearTorch '0_LinearTorch' with shape (12, 256) (Rec:None)
2023-10-23 17:06:57,850 - main - INFO - Dropped 192 output synapses each for 198 neurons in layer LinearTorch '2_LinearTorch' with shape (256, 256) (Rec:None)
2023-10-23 17:06:57,866 - main - INFO - Dropped 199 output synapses each for 256 neurons in layer LinearTorch '4_LinearTorch' with shape (256, 7) (Rec:LIFTorch '3_LIFTorch' with shape (256, 256))
2023-10-23 17:08:35,986 - main - INFO - Dropped 142 output synapses each for 12 neurons in layer LinearTorch '0_LinearTorch' with shape (12, 256) (Rec:None)
2023-10-23 17:08:35,998 - main - INFO - Dropped 192 output synapses each for 198 neurons in layer LinearTorch '2_LinearTorch' with shape (256, 256) (Rec:None)
2023-10-23 17:08:36,012 - main - INFO - Dropped 199 output synapses each for 256 neurons in layer LinearTorch '4_LinearTorch' with shape (256, 7) (Rec:LIFTorch '3_LIFTorch' with shape (256, 256))
2023-10-23 17:10:01,986 - main - INFO - Dropped 142 output synapses each for 12 neurons in layer LinearTorch '0_LinearTorch' with shape (12, 256) (Rec:None)
2023-10-23 17:10:01,999 - main - INFO - Dropped 192 output synapses each for 198 neurons in layer LinearTorch '2_LinearTorch' with shape (256, 256) (Rec:None)
2023-10-23 17:10:02,013 - main - INFO - Dropped 199 output synapses each for 256 neurons in layer LinearTorch '4_LinearTorch' with shape (256, 7) (Rec:LIFTorch '3_LIFTorch' with shape (256, 256))
2023-10-23 17:11:28,254 - main - INFO - Training finished with accuracy: 0.8065486601833065
