2023-10-20 08:30:42,941 - main - INFO - PyTorch is currently running on: cuda
2023-10-20 08:30:42,944 - main - INFO - Initial parameters: {'n_population': 256, 'tau_mem': 0.088, 'tau_syn': 0.124}
2023-10-20 08:30:51,005 - main - INFO - Loaded 71464 events from file ../data/4bit_spikeset_PHASE_full.npy
2023-10-20 08:30:51,152 - main - INFO - Generated events partitions: train(42878), val(14293, test(14293))
2023-10-20 08:30:51,204 - main - INFO - Built network: 
TorchSequential  with shape (12, 7) {
    LinearTorch '0_LinearTorch' with shape (12, 256)
    LIFTorch '1_LIFTorch' with shape (256, 256)
    LinearTorch '2_LinearTorch' with shape (256, 256)
    LIFTorch '3_LIFTorch' with shape (256, 256)
    LinearTorch '4_LinearTorch' with shape (256, 7)
    LIFTorch '5_LIFTorch' with shape (7, 7)
}
2023-10-20 08:30:52,508 - main - INFO - Dropped 193 output synapses each for 12 neurons in layer LinearTorch '0_LinearTorch' with shape (12, 256) (Rec:None)
2023-10-20 08:30:52,522 - main - INFO - Dropped 193 output synapses each for 256 neurons in layer LinearTorch '2_LinearTorch' with shape (256, 256) (Rec:None)
2023-10-20 08:31:03,150 - main - INFO - Epoch 0 -> Loss:3.019919133767849, Acc:0.15049324844329393, Best Acc:0.15049324844329393
2023-10-20 08:32:29,768 - main - INFO - Dropped 155 output synapses each for 12 neurons in layer LinearTorch '0_LinearTorch' with shape (12, 256) (Rec:None)
2023-10-20 08:32:29,780 - main - INFO - Dropped 189 output synapses each for 212 neurons in layer LinearTorch '2_LinearTorch' with shape (256, 256) (Rec:None)
2023-10-20 08:34:05,901 - main - INFO - Dropped 155 output synapses each for 12 neurons in layer LinearTorch '0_LinearTorch' with shape (12, 256) (Rec:None)
2023-10-20 08:34:05,915 - main - INFO - Dropped 189 output synapses each for 212 neurons in layer LinearTorch '2_LinearTorch' with shape (256, 256) (Rec:None)
2023-10-20 08:35:42,564 - main - INFO - Dropped 155 output synapses each for 12 neurons in layer LinearTorch '0_LinearTorch' with shape (12, 256) (Rec:None)
2023-10-20 08:35:42,584 - main - INFO - Dropped 190 output synapses each for 212 neurons in layer LinearTorch '2_LinearTorch' with shape (256, 256) (Rec:None)
2023-10-20 08:37:19,121 - main - INFO - Dropped 155 output synapses each for 12 neurons in layer LinearTorch '0_LinearTorch' with shape (12, 256) (Rec:None)
2023-10-20 08:37:19,134 - main - INFO - Dropped 191 output synapses each for 212 neurons in layer LinearTorch '2_LinearTorch' with shape (256, 256) (Rec:None)
2023-10-20 08:38:54,943 - main - INFO - Dropped 155 output synapses each for 12 neurons in layer LinearTorch '0_LinearTorch' with shape (12, 256) (Rec:None)
2023-10-20 08:38:54,957 - main - INFO - Dropped 192 output synapses each for 212 neurons in layer LinearTorch '2_LinearTorch' with shape (256, 256) (Rec:None)
2023-10-20 08:40:31,206 - main - INFO - Dropped 155 output synapses each for 12 neurons in layer LinearTorch '0_LinearTorch' with shape (12, 256) (Rec:None)
2023-10-20 08:40:31,218 - main - INFO - Dropped 192 output synapses each for 212 neurons in layer LinearTorch '2_LinearTorch' with shape (256, 256) (Rec:None)
2023-10-20 08:42:07,419 - main - INFO - Dropped 155 output synapses each for 12 neurons in layer LinearTorch '0_LinearTorch' with shape (12, 256) (Rec:None)
2023-10-20 08:42:07,431 - main - INFO - Dropped 192 output synapses each for 212 neurons in layer LinearTorch '2_LinearTorch' with shape (256, 256) (Rec:None)
2023-10-20 08:43:43,783 - main - INFO - Dropped 155 output synapses each for 12 neurons in layer LinearTorch '0_LinearTorch' with shape (12, 256) (Rec:None)
2023-10-20 08:43:43,797 - main - INFO - Dropped 192 output synapses each for 212 neurons in layer LinearTorch '2_LinearTorch' with shape (256, 256) (Rec:None)
2023-10-20 08:45:20,011 - main - INFO - Dropped 155 output synapses each for 12 neurons in layer LinearTorch '0_LinearTorch' with shape (12, 256) (Rec:None)
2023-10-20 08:45:20,023 - main - INFO - Dropped 192 output synapses each for 212 neurons in layer LinearTorch '2_LinearTorch' with shape (256, 256) (Rec:None)
2023-10-20 08:46:56,103 - main - INFO - Dropped 155 output synapses each for 12 neurons in layer LinearTorch '0_LinearTorch' with shape (12, 256) (Rec:None)
2023-10-20 08:46:56,115 - main - INFO - Dropped 192 output synapses each for 212 neurons in layer LinearTorch '2_LinearTorch' with shape (256, 256) (Rec:None)
2023-10-20 08:47:05,703 - main - INFO - Epoch 100 -> Loss:0.7619392377574269, Acc:0.7279087665290701, Best Acc:0.7414118799412299
2023-10-20 08:48:32,158 - main - INFO - Dropped 155 output synapses each for 12 neurons in layer LinearTorch '0_LinearTorch' with shape (12, 256) (Rec:None)
2023-10-20 08:48:32,171 - main - INFO - Dropped 192 output synapses each for 212 neurons in layer LinearTorch '2_LinearTorch' with shape (256, 256) (Rec:None)
2023-10-20 08:50:08,336 - main - INFO - Dropped 155 output synapses each for 12 neurons in layer LinearTorch '0_LinearTorch' with shape (12, 256) (Rec:None)
2023-10-20 08:50:08,348 - main - INFO - Dropped 192 output synapses each for 212 neurons in layer LinearTorch '2_LinearTorch' with shape (256, 256) (Rec:None)
2023-10-20 08:51:35,915 - main - INFO - Dropped 155 output synapses each for 12 neurons in layer LinearTorch '0_LinearTorch' with shape (12, 256) (Rec:None)
2023-10-20 08:51:35,927 - main - INFO - Dropped 192 output synapses each for 212 neurons in layer LinearTorch '2_LinearTorch' with shape (256, 256) (Rec:None)
2023-10-20 08:53:11,975 - main - INFO - Dropped 155 output synapses each for 12 neurons in layer LinearTorch '0_LinearTorch' with shape (12, 256) (Rec:None)
2023-10-20 08:53:11,987 - main - INFO - Dropped 192 output synapses each for 212 neurons in layer LinearTorch '2_LinearTorch' with shape (256, 256) (Rec:None)
2023-10-20 08:54:48,157 - main - INFO - Dropped 155 output synapses each for 12 neurons in layer LinearTorch '0_LinearTorch' with shape (12, 256) (Rec:None)
2023-10-20 08:54:48,171 - main - INFO - Dropped 192 output synapses each for 212 neurons in layer LinearTorch '2_LinearTorch' with shape (256, 256) (Rec:None)
2023-10-20 08:56:24,199 - main - INFO - Dropped 155 output synapses each for 12 neurons in layer LinearTorch '0_LinearTorch' with shape (12, 256) (Rec:None)
2023-10-20 08:56:24,213 - main - INFO - Dropped 192 output synapses each for 212 neurons in layer LinearTorch '2_LinearTorch' with shape (256, 256) (Rec:None)
2023-10-20 08:58:00,520 - main - INFO - Dropped 155 output synapses each for 12 neurons in layer LinearTorch '0_LinearTorch' with shape (12, 256) (Rec:None)
2023-10-20 08:58:00,532 - main - INFO - Dropped 192 output synapses each for 212 neurons in layer LinearTorch '2_LinearTorch' with shape (256, 256) (Rec:None)
2023-10-20 08:59:36,860 - main - INFO - Dropped 155 output synapses each for 12 neurons in layer LinearTorch '0_LinearTorch' with shape (12, 256) (Rec:None)
2023-10-20 08:59:36,872 - main - INFO - Dropped 192 output synapses each for 212 neurons in layer LinearTorch '2_LinearTorch' with shape (256, 256) (Rec:None)
2023-10-20 09:01:13,075 - main - INFO - Dropped 155 output synapses each for 12 neurons in layer LinearTorch '0_LinearTorch' with shape (12, 256) (Rec:None)
2023-10-20 09:01:13,087 - main - INFO - Dropped 192 output synapses each for 212 neurons in layer LinearTorch '2_LinearTorch' with shape (256, 256) (Rec:None)
2023-10-20 09:02:49,149 - main - INFO - Dropped 155 output synapses each for 12 neurons in layer LinearTorch '0_LinearTorch' with shape (12, 256) (Rec:None)
2023-10-20 09:02:49,161 - main - INFO - Dropped 192 output synapses each for 212 neurons in layer LinearTorch '2_LinearTorch' with shape (256, 256) (Rec:None)
2023-10-20 09:02:58,741 - main - INFO - Epoch 200 -> Loss:0.6417322318728377, Acc:0.7435108094871615, Best Acc:0.7656195340376407
2023-10-20 09:04:25,241 - main - INFO - Dropped 155 output synapses each for 12 neurons in layer LinearTorch '0_LinearTorch' with shape (12, 256) (Rec:None)
2023-10-20 09:04:25,253 - main - INFO - Dropped 192 output synapses each for 212 neurons in layer LinearTorch '2_LinearTorch' with shape (256, 256) (Rec:None)
2023-10-20 09:06:01,556 - main - INFO - Dropped 155 output synapses each for 12 neurons in layer LinearTorch '0_LinearTorch' with shape (12, 256) (Rec:None)
2023-10-20 09:06:01,568 - main - INFO - Dropped 192 output synapses each for 212 neurons in layer LinearTorch '2_LinearTorch' with shape (256, 256) (Rec:None)
2023-10-20 09:07:37,835 - main - INFO - Dropped 155 output synapses each for 12 neurons in layer LinearTorch '0_LinearTorch' with shape (12, 256) (Rec:None)
2023-10-20 09:07:37,848 - main - INFO - Dropped 192 output synapses each for 212 neurons in layer LinearTorch '2_LinearTorch' with shape (256, 256) (Rec:None)
2023-10-20 09:09:14,064 - main - INFO - Dropped 155 output synapses each for 12 neurons in layer LinearTorch '0_LinearTorch' with shape (12, 256) (Rec:None)
2023-10-20 09:09:14,076 - main - INFO - Dropped 192 output synapses each for 212 neurons in layer LinearTorch '2_LinearTorch' with shape (256, 256) (Rec:None)
2023-10-20 09:10:50,264 - main - INFO - Training finished with accuracy: 0.77975232631358
