2023-10-21 10:22:42,303 - main - INFO - PyTorch is currently running on: cuda
2023-10-21 10:22:42,307 - main - INFO - Initial parameters: {'n_population': 64, 'tau_mem': 0.195, 'tau_syn': 0.063}
2023-10-21 10:22:50,386 - main - INFO - Loaded 71464 events from file ../data/4bit_spikeset_PHASE_full.npy
2023-10-21 10:22:50,533 - main - INFO - Generated events partitions: train(42878), val(14293, test(14293))
2023-10-21 10:22:50,583 - main - INFO - Built network: 
TorchSequential  with shape (12, 7) {
    LinearTorch '0_LinearTorch' with shape (12, 64)
    LIFTorch '1_LIFTorch' with shape (64, 64)
    LinearTorch '2_LinearTorch' with shape (64, 7)
    LIFTorch '3_LIFTorch' with shape (7, 7)
}
2023-10-21 10:22:51,931 - main - INFO - Dropped 1 output synapses each for 12 neurons in layer LinearTorch '0_LinearTorch' with shape (12, 64) (Rec:None)
2023-10-21 10:22:51,934 - main - INFO - Dropped 8 output synapses each for 64 neurons in layer LinearTorch '2_LinearTorch' with shape (64, 7) (Rec:LIFTorch '1_LIFTorch' with shape (64, 64))
2023-10-21 10:22:55,867 - main - INFO - Epoch 0 -> Loss:3.2959172463998563, Acc:0.2556496186944658, Best Acc:0.2556496186944658
2023-10-21 10:23:21,610 - main - INFO - Dropped 1 output synapses each for 12 neurons in layer LinearTorch '0_LinearTorch' with shape (12, 64) (Rec:None)
2023-10-21 10:23:21,613 - main - INFO - Dropped 8 output synapses each for 64 neurons in layer LinearTorch '2_LinearTorch' with shape (64, 7) (Rec:LIFTorch '1_LIFTorch' with shape (64, 64))
2023-10-21 10:23:50,420 - main - INFO - Dropped 1 output synapses each for 12 neurons in layer LinearTorch '0_LinearTorch' with shape (12, 64) (Rec:None)
2023-10-21 10:23:50,423 - main - INFO - Dropped 8 output synapses each for 64 neurons in layer LinearTorch '2_LinearTorch' with shape (64, 7) (Rec:LIFTorch '1_LIFTorch' with shape (64, 64))
2023-10-21 10:24:19,197 - main - INFO - Dropped 1 output synapses each for 12 neurons in layer LinearTorch '0_LinearTorch' with shape (12, 64) (Rec:None)
2023-10-21 10:24:19,200 - main - INFO - Dropped 8 output synapses each for 64 neurons in layer LinearTorch '2_LinearTorch' with shape (64, 7) (Rec:LIFTorch '1_LIFTorch' with shape (64, 64))
2023-10-21 10:24:47,867 - main - INFO - Dropped 1 output synapses each for 12 neurons in layer LinearTorch '0_LinearTorch' with shape (12, 64) (Rec:None)
2023-10-21 10:24:47,870 - main - INFO - Dropped 8 output synapses each for 64 neurons in layer LinearTorch '2_LinearTorch' with shape (64, 7) (Rec:LIFTorch '1_LIFTorch' with shape (64, 64))
2023-10-21 10:25:16,622 - main - INFO - Dropped 1 output synapses each for 12 neurons in layer LinearTorch '0_LinearTorch' with shape (12, 64) (Rec:None)
2023-10-21 10:25:16,625 - main - INFO - Dropped 8 output synapses each for 64 neurons in layer LinearTorch '2_LinearTorch' with shape (64, 7) (Rec:LIFTorch '1_LIFTorch' with shape (64, 64))
2023-10-21 10:25:45,306 - main - INFO - Dropped 1 output synapses each for 12 neurons in layer LinearTorch '0_LinearTorch' with shape (12, 64) (Rec:None)
2023-10-21 10:25:45,309 - main - INFO - Dropped 8 output synapses each for 64 neurons in layer LinearTorch '2_LinearTorch' with shape (64, 7) (Rec:LIFTorch '1_LIFTorch' with shape (64, 64))
2023-10-21 10:26:14,106 - main - INFO - Dropped 1 output synapses each for 12 neurons in layer LinearTorch '0_LinearTorch' with shape (12, 64) (Rec:None)
2023-10-21 10:26:14,110 - main - INFO - Dropped 8 output synapses each for 64 neurons in layer LinearTorch '2_LinearTorch' with shape (64, 7) (Rec:LIFTorch '1_LIFTorch' with shape (64, 64))
2023-10-21 10:26:42,920 - main - INFO - Dropped 1 output synapses each for 12 neurons in layer LinearTorch '0_LinearTorch' with shape (12, 64) (Rec:None)
2023-10-21 10:26:42,923 - main - INFO - Dropped 8 output synapses each for 64 neurons in layer LinearTorch '2_LinearTorch' with shape (64, 7) (Rec:LIFTorch '1_LIFTorch' with shape (64, 64))
2023-10-21 10:27:11,686 - main - INFO - Dropped 1 output synapses each for 12 neurons in layer LinearTorch '0_LinearTorch' with shape (12, 64) (Rec:None)
2023-10-21 10:27:11,689 - main - INFO - Dropped 8 output synapses each for 64 neurons in layer LinearTorch '2_LinearTorch' with shape (64, 7) (Rec:LIFTorch '1_LIFTorch' with shape (64, 64))
2023-10-21 10:27:40,420 - main - INFO - Dropped 1 output synapses each for 12 neurons in layer LinearTorch '0_LinearTorch' with shape (12, 64) (Rec:None)
2023-10-21 10:27:40,423 - main - INFO - Dropped 8 output synapses each for 64 neurons in layer LinearTorch '2_LinearTorch' with shape (64, 7) (Rec:LIFTorch '1_LIFTorch' with shape (64, 64))
2023-10-21 10:27:43,357 - main - INFO - Epoch 100 -> Loss:0.708239726903962, Acc:0.7195130483453438, Best Acc:0.7452599174421045
2023-10-21 10:28:08,318 - main - INFO - Dropped 1 output synapses each for 12 neurons in layer LinearTorch '0_LinearTorch' with shape (12, 64) (Rec:None)
2023-10-21 10:28:08,321 - main - INFO - Dropped 8 output synapses each for 64 neurons in layer LinearTorch '2_LinearTorch' with shape (64, 7) (Rec:LIFTorch '1_LIFTorch' with shape (64, 64))
2023-10-21 10:28:36,236 - main - INFO - Dropped 1 output synapses each for 12 neurons in layer LinearTorch '0_LinearTorch' with shape (12, 64) (Rec:None)
2023-10-21 10:28:36,239 - main - INFO - Dropped 8 output synapses each for 64 neurons in layer LinearTorch '2_LinearTorch' with shape (64, 7) (Rec:LIFTorch '1_LIFTorch' with shape (64, 64))
2023-10-21 10:29:04,907 - main - INFO - Dropped 1 output synapses each for 12 neurons in layer LinearTorch '0_LinearTorch' with shape (12, 64) (Rec:None)
2023-10-21 10:29:04,910 - main - INFO - Dropped 8 output synapses each for 64 neurons in layer LinearTorch '2_LinearTorch' with shape (64, 7) (Rec:LIFTorch '1_LIFTorch' with shape (64, 64))
2023-10-21 10:29:33,735 - main - INFO - Dropped 1 output synapses each for 12 neurons in layer LinearTorch '0_LinearTorch' with shape (12, 64) (Rec:None)
2023-10-21 10:29:33,738 - main - INFO - Dropped 8 output synapses each for 64 neurons in layer LinearTorch '2_LinearTorch' with shape (64, 7) (Rec:LIFTorch '1_LIFTorch' with shape (64, 64))
2023-10-21 10:30:02,635 - main - INFO - Dropped 1 output synapses each for 12 neurons in layer LinearTorch '0_LinearTorch' with shape (12, 64) (Rec:None)
2023-10-21 10:30:02,638 - main - INFO - Dropped 8 output synapses each for 64 neurons in layer LinearTorch '2_LinearTorch' with shape (64, 7) (Rec:LIFTorch '1_LIFTorch' with shape (64, 64))
2023-10-21 10:30:31,462 - main - INFO - Dropped 1 output synapses each for 12 neurons in layer LinearTorch '0_LinearTorch' with shape (12, 64) (Rec:None)
2023-10-21 10:30:31,465 - main - INFO - Dropped 8 output synapses each for 64 neurons in layer LinearTorch '2_LinearTorch' with shape (64, 7) (Rec:LIFTorch '1_LIFTorch' with shape (64, 64))
2023-10-21 10:31:00,268 - main - INFO - Dropped 1 output synapses each for 12 neurons in layer LinearTorch '0_LinearTorch' with shape (12, 64) (Rec:None)
2023-10-21 10:31:00,271 - main - INFO - Dropped 8 output synapses each for 64 neurons in layer LinearTorch '2_LinearTorch' with shape (64, 7) (Rec:LIFTorch '1_LIFTorch' with shape (64, 64))
2023-10-21 10:31:29,054 - main - INFO - Dropped 1 output synapses each for 12 neurons in layer LinearTorch '0_LinearTorch' with shape (12, 64) (Rec:None)
2023-10-21 10:31:29,057 - main - INFO - Dropped 8 output synapses each for 64 neurons in layer LinearTorch '2_LinearTorch' with shape (64, 7) (Rec:LIFTorch '1_LIFTorch' with shape (64, 64))
2023-10-21 10:31:57,834 - main - INFO - Dropped 1 output synapses each for 12 neurons in layer LinearTorch '0_LinearTorch' with shape (12, 64) (Rec:None)
2023-10-21 10:31:57,837 - main - INFO - Dropped 8 output synapses each for 64 neurons in layer LinearTorch '2_LinearTorch' with shape (64, 7) (Rec:LIFTorch '1_LIFTorch' with shape (64, 64))
2023-10-21 10:32:26,690 - main - INFO - Dropped 1 output synapses each for 12 neurons in layer LinearTorch '0_LinearTorch' with shape (12, 64) (Rec:None)
2023-10-21 10:32:26,693 - main - INFO - Dropped 8 output synapses each for 64 neurons in layer LinearTorch '2_LinearTorch' with shape (64, 7) (Rec:LIFTorch '1_LIFTorch' with shape (64, 64))
2023-10-21 10:32:29,538 - main - INFO - Epoch 200 -> Loss:0.6622022419441037, Acc:0.7437906667599524, Best Acc:0.7565241726719373
2023-10-21 10:32:55,424 - main - INFO - Dropped 1 output synapses each for 12 neurons in layer LinearTorch '0_LinearTorch' with shape (12, 64) (Rec:None)
2023-10-21 10:32:55,427 - main - INFO - Dropped 8 output synapses each for 64 neurons in layer LinearTorch '2_LinearTorch' with shape (64, 7) (Rec:LIFTorch '1_LIFTorch' with shape (64, 64))
2023-10-21 10:33:24,182 - main - INFO - Dropped 1 output synapses each for 12 neurons in layer LinearTorch '0_LinearTorch' with shape (12, 64) (Rec:None)
2023-10-21 10:33:24,185 - main - INFO - Dropped 8 output synapses each for 64 neurons in layer LinearTorch '2_LinearTorch' with shape (64, 7) (Rec:LIFTorch '1_LIFTorch' with shape (64, 64))
2023-10-21 10:33:52,983 - main - INFO - Dropped 1 output synapses each for 12 neurons in layer LinearTorch '0_LinearTorch' with shape (12, 64) (Rec:None)
2023-10-21 10:33:52,986 - main - INFO - Dropped 8 output synapses each for 64 neurons in layer LinearTorch '2_LinearTorch' with shape (64, 7) (Rec:LIFTorch '1_LIFTorch' with shape (64, 64))
2023-10-21 10:34:21,806 - main - INFO - Dropped 1 output synapses each for 12 neurons in layer LinearTorch '0_LinearTorch' with shape (12, 64) (Rec:None)
2023-10-21 10:34:21,809 - main - INFO - Dropped 8 output synapses each for 64 neurons in layer LinearTorch '2_LinearTorch' with shape (64, 7) (Rec:LIFTorch '1_LIFTorch' with shape (64, 64))
2023-10-21 10:34:50,497 - main - INFO - Training finished with accuracy: 0.7616315679003708
