2023-10-13 16:30:45,832 - main - INFO - PyTorch is currently running on: cuda
2023-10-13 16:30:45,836 - main - INFO - Initial parameters: {'n_population': 256, 'tau_mem': 0.131, 'tau_syn': 0.08}
2023-10-13 16:30:53,728 - main - INFO - Loaded 71464 events from file ../data/wisdm_watch_full_40_encoded.npy
2023-10-13 16:30:53,869 - main - INFO - Generated events partitions: train(42878), val(14293, test(14293))
2023-10-13 16:30:53,919 - main - INFO - Built network: 
TorchSequential  with shape (12, 7) {
    LinearTorch '0_LinearTorch' with shape (12, 256)
    LIFTorch '1_LIFTorch' with shape (256, 256)
    TorchResidual '2_TorchResidual' with shape (256, 256) {
        LinearTorch '0_LinearTorch' with shape (256, 256)
        LIFTorch '1_LIFTorch' with shape (256, 256)
    }
    TorchResidual '3_TorchResidual' with shape (256, 256) {
        LinearTorch '0_LinearTorch' with shape (256, 256)
        LIFTorch '1_LIFTorch' with shape (256, 256)
    }
    LinearTorch '4_LinearTorch' with shape (256, 7)
    LIFTorch '5_LIFTorch' with shape (7, 7)
}
2023-10-13 16:30:54,787 - main - INFO - Dropped 193 output synapses each for 12 neurons in layer LinearTorch '0_LinearTorch' with shape (12, 256) (Rec:None)
2023-10-13 16:30:54,801 - main - INFO - Dropped 193 output synapses each for 256 neurons in layer LinearTorch '0_LinearTorch' with shape (256, 256) (Rec:None)
2023-10-13 16:30:54,815 - main - INFO - Dropped 193 output synapses each for 256 neurons in layer LinearTorch '0_LinearTorch' with shape (256, 256) (Rec:None)
2023-10-13 16:31:03,792 - main - INFO - Epoch 0 -> Loss:2.0905623813954795, Acc:0.3023158189323445, Best Acc:0.3023158189323445
2023-10-13 16:32:19,731 - main - INFO - Dropped 153 output synapses each for 12 neurons in layer LinearTorch '0_LinearTorch' with shape (12, 256) (Rec:None)
2023-10-13 16:32:19,743 - main - INFO - Dropped 190 output synapses each for 210 neurons in layer LinearTorch '0_LinearTorch' with shape (256, 256) (Rec:None)
2023-10-13 16:32:19,757 - main - INFO - Dropped 189 output synapses each for 255 neurons in layer LinearTorch '0_LinearTorch' with shape (256, 256) (Rec:None)
2023-10-13 16:33:43,877 - main - INFO - Dropped 153 output synapses each for 12 neurons in layer LinearTorch '0_LinearTorch' with shape (12, 256) (Rec:None)
2023-10-13 16:33:43,889 - main - INFO - Dropped 192 output synapses each for 210 neurons in layer LinearTorch '0_LinearTorch' with shape (256, 256) (Rec:None)
2023-10-13 16:33:43,903 - main - INFO - Dropped 192 output synapses each for 255 neurons in layer LinearTorch '0_LinearTorch' with shape (256, 256) (Rec:None)
2023-10-13 16:35:07,718 - main - INFO - Dropped 153 output synapses each for 12 neurons in layer LinearTorch '0_LinearTorch' with shape (12, 256) (Rec:None)
2023-10-13 16:35:07,730 - main - INFO - Dropped 192 output synapses each for 210 neurons in layer LinearTorch '0_LinearTorch' with shape (256, 256) (Rec:None)
2023-10-13 16:35:07,745 - main - INFO - Dropped 192 output synapses each for 255 neurons in layer LinearTorch '0_LinearTorch' with shape (256, 256) (Rec:None)
2023-10-13 16:36:31,674 - main - INFO - Dropped 153 output synapses each for 12 neurons in layer LinearTorch '0_LinearTorch' with shape (12, 256) (Rec:None)
2023-10-13 16:36:31,688 - main - INFO - Dropped 192 output synapses each for 210 neurons in layer LinearTorch '0_LinearTorch' with shape (256, 256) (Rec:None)
2023-10-13 16:36:31,704 - main - INFO - Dropped 192 output synapses each for 255 neurons in layer LinearTorch '0_LinearTorch' with shape (256, 256) (Rec:None)
2023-10-13 16:37:55,716 - main - INFO - Dropped 153 output synapses each for 12 neurons in layer LinearTorch '0_LinearTorch' with shape (12, 256) (Rec:None)
2023-10-13 16:37:55,728 - main - INFO - Dropped 192 output synapses each for 210 neurons in layer LinearTorch '0_LinearTorch' with shape (256, 256) (Rec:None)
2023-10-13 16:37:55,743 - main - INFO - Dropped 192 output synapses each for 255 neurons in layer LinearTorch '0_LinearTorch' with shape (256, 256) (Rec:None)
2023-10-13 16:39:19,679 - main - INFO - Dropped 153 output synapses each for 12 neurons in layer LinearTorch '0_LinearTorch' with shape (12, 256) (Rec:None)
2023-10-13 16:39:19,691 - main - INFO - Dropped 192 output synapses each for 210 neurons in layer LinearTorch '0_LinearTorch' with shape (256, 256) (Rec:None)
2023-10-13 16:39:19,705 - main - INFO - Dropped 192 output synapses each for 255 neurons in layer LinearTorch '0_LinearTorch' with shape (256, 256) (Rec:None)
2023-10-13 16:40:43,644 - main - INFO - Dropped 153 output synapses each for 12 neurons in layer LinearTorch '0_LinearTorch' with shape (12, 256) (Rec:None)
2023-10-13 16:40:43,656 - main - INFO - Dropped 192 output synapses each for 210 neurons in layer LinearTorch '0_LinearTorch' with shape (256, 256) (Rec:None)
2023-10-13 16:40:43,671 - main - INFO - Dropped 192 output synapses each for 255 neurons in layer LinearTorch '0_LinearTorch' with shape (256, 256) (Rec:None)
2023-10-13 16:42:07,479 - main - INFO - Dropped 153 output synapses each for 12 neurons in layer LinearTorch '0_LinearTorch' with shape (12, 256) (Rec:None)
2023-10-13 16:42:07,491 - main - INFO - Dropped 192 output synapses each for 210 neurons in layer LinearTorch '0_LinearTorch' with shape (256, 256) (Rec:None)
2023-10-13 16:42:07,506 - main - INFO - Dropped 192 output synapses each for 255 neurons in layer LinearTorch '0_LinearTorch' with shape (256, 256) (Rec:None)
2023-10-13 16:43:31,262 - main - INFO - Dropped 153 output synapses each for 12 neurons in layer LinearTorch '0_LinearTorch' with shape (12, 256) (Rec:None)
2023-10-13 16:43:31,275 - main - INFO - Dropped 192 output synapses each for 210 neurons in layer LinearTorch '0_LinearTorch' with shape (256, 256) (Rec:None)
2023-10-13 16:43:31,289 - main - INFO - Dropped 192 output synapses each for 255 neurons in layer LinearTorch '0_LinearTorch' with shape (256, 256) (Rec:None)
2023-10-13 16:44:55,095 - main - INFO - Dropped 153 output synapses each for 12 neurons in layer LinearTorch '0_LinearTorch' with shape (12, 256) (Rec:None)
2023-10-13 16:44:55,107 - main - INFO - Dropped 192 output synapses each for 210 neurons in layer LinearTorch '0_LinearTorch' with shape (256, 256) (Rec:None)
2023-10-13 16:44:55,122 - main - INFO - Dropped 192 output synapses each for 255 neurons in layer LinearTorch '0_LinearTorch' with shape (256, 256) (Rec:None)
2023-10-13 16:45:03,548 - main - INFO - Epoch 100 -> Loss:0.6905444700543474, Acc:0.7493178478975722, Best Acc:0.7691177499475267
2023-10-13 16:46:19,077 - main - INFO - Dropped 153 output synapses each for 12 neurons in layer LinearTorch '0_LinearTorch' with shape (12, 256) (Rec:None)
2023-10-13 16:46:19,089 - main - INFO - Dropped 192 output synapses each for 210 neurons in layer LinearTorch '0_LinearTorch' with shape (256, 256) (Rec:None)
2023-10-13 16:46:19,103 - main - INFO - Dropped 192 output synapses each for 255 neurons in layer LinearTorch '0_LinearTorch' with shape (256, 256) (Rec:None)
2023-10-13 16:47:42,836 - main - INFO - Dropped 153 output synapses each for 12 neurons in layer LinearTorch '0_LinearTorch' with shape (12, 256) (Rec:None)
2023-10-13 16:47:42,848 - main - INFO - Dropped 192 output synapses each for 210 neurons in layer LinearTorch '0_LinearTorch' with shape (256, 256) (Rec:None)
2023-10-13 16:47:42,862 - main - INFO - Dropped 192 output synapses each for 255 neurons in layer LinearTorch '0_LinearTorch' with shape (256, 256) (Rec:None)
2023-10-13 16:49:06,702 - main - INFO - Dropped 153 output synapses each for 12 neurons in layer LinearTorch '0_LinearTorch' with shape (12, 256) (Rec:None)
2023-10-13 16:49:06,715 - main - INFO - Dropped 192 output synapses each for 210 neurons in layer LinearTorch '0_LinearTorch' with shape (256, 256) (Rec:None)
2023-10-13 16:49:06,729 - main - INFO - Dropped 192 output synapses each for 255 neurons in layer LinearTorch '0_LinearTorch' with shape (256, 256) (Rec:None)
2023-10-13 16:50:30,552 - main - INFO - Dropped 153 output synapses each for 12 neurons in layer LinearTorch '0_LinearTorch' with shape (12, 256) (Rec:None)
2023-10-13 16:50:30,564 - main - INFO - Dropped 192 output synapses each for 210 neurons in layer LinearTorch '0_LinearTorch' with shape (256, 256) (Rec:None)
2023-10-13 16:50:30,579 - main - INFO - Dropped 192 output synapses each for 255 neurons in layer LinearTorch '0_LinearTorch' with shape (256, 256) (Rec:None)
2023-10-13 16:51:54,350 - main - INFO - Dropped 153 output synapses each for 12 neurons in layer LinearTorch '0_LinearTorch' with shape (12, 256) (Rec:None)
2023-10-13 16:51:54,363 - main - INFO - Dropped 192 output synapses each for 210 neurons in layer LinearTorch '0_LinearTorch' with shape (256, 256) (Rec:None)
2023-10-13 16:51:54,377 - main - INFO - Dropped 192 output synapses each for 255 neurons in layer LinearTorch '0_LinearTorch' with shape (256, 256) (Rec:None)
2023-10-13 16:53:18,239 - main - INFO - Dropped 153 output synapses each for 12 neurons in layer LinearTorch '0_LinearTorch' with shape (12, 256) (Rec:None)
2023-10-13 16:53:18,251 - main - INFO - Dropped 192 output synapses each for 210 neurons in layer LinearTorch '0_LinearTorch' with shape (256, 256) (Rec:None)
2023-10-13 16:53:18,266 - main - INFO - Dropped 192 output synapses each for 255 neurons in layer LinearTorch '0_LinearTorch' with shape (256, 256) (Rec:None)
2023-10-13 16:54:42,048 - main - INFO - Dropped 153 output synapses each for 12 neurons in layer LinearTorch '0_LinearTorch' with shape (12, 256) (Rec:None)
2023-10-13 16:54:42,061 - main - INFO - Dropped 192 output synapses each for 210 neurons in layer LinearTorch '0_LinearTorch' with shape (256, 256) (Rec:None)
2023-10-13 16:54:42,075 - main - INFO - Dropped 192 output synapses each for 255 neurons in layer LinearTorch '0_LinearTorch' with shape (256, 256) (Rec:None)
2023-10-13 16:56:05,880 - main - INFO - Dropped 153 output synapses each for 12 neurons in layer LinearTorch '0_LinearTorch' with shape (12, 256) (Rec:None)
2023-10-13 16:56:05,892 - main - INFO - Dropped 192 output synapses each for 210 neurons in layer LinearTorch '0_LinearTorch' with shape (256, 256) (Rec:None)
2023-10-13 16:56:05,907 - main - INFO - Dropped 192 output synapses each for 255 neurons in layer LinearTorch '0_LinearTorch' with shape (256, 256) (Rec:None)
2023-10-13 16:57:29,687 - main - INFO - Dropped 153 output synapses each for 12 neurons in layer LinearTorch '0_LinearTorch' with shape (12, 256) (Rec:None)
2023-10-13 16:57:29,699 - main - INFO - Dropped 192 output synapses each for 210 neurons in layer LinearTorch '0_LinearTorch' with shape (256, 256) (Rec:None)
2023-10-13 16:57:29,714 - main - INFO - Dropped 192 output synapses each for 255 neurons in layer LinearTorch '0_LinearTorch' with shape (256, 256) (Rec:None)
2023-10-13 16:58:53,526 - main - INFO - Dropped 153 output synapses each for 12 neurons in layer LinearTorch '0_LinearTorch' with shape (12, 256) (Rec:None)
2023-10-13 16:58:53,538 - main - INFO - Dropped 192 output synapses each for 210 neurons in layer LinearTorch '0_LinearTorch' with shape (256, 256) (Rec:None)
2023-10-13 16:58:53,552 - main - INFO - Dropped 192 output synapses each for 255 neurons in layer LinearTorch '0_LinearTorch' with shape (256, 256) (Rec:None)
2023-10-13 16:59:01,922 - main - INFO - Epoch 200 -> Loss:0.5718764822657515, Acc:0.778283075631428, Best Acc:0.7915063317707969
2023-10-13 17:00:17,285 - main - INFO - Dropped 153 output synapses each for 12 neurons in layer LinearTorch '0_LinearTorch' with shape (12, 256) (Rec:None)
2023-10-13 17:00:17,297 - main - INFO - Dropped 192 output synapses each for 210 neurons in layer LinearTorch '0_LinearTorch' with shape (256, 256) (Rec:None)
2023-10-13 17:00:17,312 - main - INFO - Dropped 192 output synapses each for 255 neurons in layer LinearTorch '0_LinearTorch' with shape (256, 256) (Rec:None)
2023-10-13 17:01:41,119 - main - INFO - Dropped 153 output synapses each for 12 neurons in layer LinearTorch '0_LinearTorch' with shape (12, 256) (Rec:None)
2023-10-13 17:01:41,131 - main - INFO - Dropped 192 output synapses each for 210 neurons in layer LinearTorch '0_LinearTorch' with shape (256, 256) (Rec:None)
2023-10-13 17:01:41,146 - main - INFO - Dropped 192 output synapses each for 255 neurons in layer LinearTorch '0_LinearTorch' with shape (256, 256) (Rec:None)
2023-10-13 17:03:04,932 - main - INFO - Dropped 153 output synapses each for 12 neurons in layer LinearTorch '0_LinearTorch' with shape (12, 256) (Rec:None)
2023-10-13 17:03:04,944 - main - INFO - Dropped 192 output synapses each for 210 neurons in layer LinearTorch '0_LinearTorch' with shape (256, 256) (Rec:None)
2023-10-13 17:03:04,959 - main - INFO - Dropped 192 output synapses each for 255 neurons in layer LinearTorch '0_LinearTorch' with shape (256, 256) (Rec:None)
2023-10-13 17:04:28,731 - main - INFO - Dropped 153 output synapses each for 12 neurons in layer LinearTorch '0_LinearTorch' with shape (12, 256) (Rec:None)
2023-10-13 17:04:28,744 - main - INFO - Dropped 192 output synapses each for 210 neurons in layer LinearTorch '0_LinearTorch' with shape (256, 256) (Rec:None)
2023-10-13 17:04:28,758 - main - INFO - Dropped 192 output synapses each for 255 neurons in layer LinearTorch '0_LinearTorch' with shape (256, 256) (Rec:None)
2023-10-13 17:05:52,536 - main - INFO - Training finished with accuracy: 0.7938151542713215
