2023-10-13 08:08:01,389 - main - INFO - PyTorch is currently running on: cuda
2023-10-13 08:08:01,393 - main - INFO - Initial parameters: {'n_population': 64, 'tau_mem': 0.125, 'tau_syn': 0.081}
2023-10-13 08:08:09,488 - main - INFO - Loaded 71464 events from file ../data/wisdm_watch_full_40_encoded.npy
2023-10-13 08:08:09,638 - main - INFO - Generated events partitions: train(42878), val(14293, test(14293))
2023-10-13 08:08:09,696 - main - INFO - Built network: 
TorchSequential  with shape (12, 7) {
    LinearTorch '0_LinearTorch' with shape (12, 64)
    LIFTorch '1_LIFTorch' with shape (64, 64)
    TorchResidual '2_TorchResidual' with shape (64, 64) {
        LinearTorch '0_LinearTorch' with shape (64, 64)
        LIFTorch '1_LIFTorch' with shape (64, 64)
    }
    TorchResidual '3_TorchResidual' with shape (64, 64) {
        LinearTorch '0_LinearTorch' with shape (64, 64)
        LIFTorch '1_LIFTorch' with shape (64, 64)
    }
    LinearTorch '4_LinearTorch' with shape (64, 7)
    LIFTorch '5_LIFTorch' with shape (7, 7)
}
2023-10-13 08:08:10,818 - main - INFO - Dropped 1 output synapses each for 12 neurons in layer LinearTorch '0_LinearTorch' with shape (12, 64) (Rec:None)
2023-10-13 08:08:10,821 - main - INFO - Dropped 1 output synapses each for 64 neurons in layer LinearTorch '0_LinearTorch' with shape (64, 64) (Rec:None)
2023-10-13 08:08:10,824 - main - INFO - Dropped 1 output synapses each for 64 neurons in layer LinearTorch '0_LinearTorch' with shape (64, 64) (Rec:None)
2023-10-13 08:08:17,391 - main - INFO - Epoch 0 -> Loss:2.8589043268343297, Acc:0.15972853844539284, Best Acc:0.15972853844539284
2023-10-13 08:09:09,133 - main - INFO - Dropped 1 output synapses each for 12 neurons in layer LinearTorch '0_LinearTorch' with shape (12, 64) (Rec:None)
2023-10-13 08:09:09,136 - main - INFO - Dropped 1 output synapses each for 64 neurons in layer LinearTorch '0_LinearTorch' with shape (64, 64) (Rec:None)
2023-10-13 08:09:09,139 - main - INFO - Dropped 1 output synapses each for 64 neurons in layer LinearTorch '0_LinearTorch' with shape (64, 64) (Rec:None)
2023-10-13 08:10:06,777 - main - INFO - Dropped 1 output synapses each for 12 neurons in layer LinearTorch '0_LinearTorch' with shape (12, 64) (Rec:None)
2023-10-13 08:10:06,779 - main - INFO - Dropped 1 output synapses each for 63 neurons in layer LinearTorch '0_LinearTorch' with shape (64, 64) (Rec:None)
2023-10-13 08:10:06,782 - main - INFO - Dropped 1 output synapses each for 64 neurons in layer LinearTorch '0_LinearTorch' with shape (64, 64) (Rec:None)
2023-10-13 08:11:04,214 - main - INFO - Dropped 1 output synapses each for 12 neurons in layer LinearTorch '0_LinearTorch' with shape (12, 64) (Rec:None)
2023-10-13 08:11:04,217 - main - INFO - Dropped 1 output synapses each for 63 neurons in layer LinearTorch '0_LinearTorch' with shape (64, 64) (Rec:None)
2023-10-13 08:11:04,220 - main - INFO - Dropped 1 output synapses each for 64 neurons in layer LinearTorch '0_LinearTorch' with shape (64, 64) (Rec:None)
2023-10-13 08:12:01,872 - main - INFO - Dropped 1 output synapses each for 12 neurons in layer LinearTorch '0_LinearTorch' with shape (12, 64) (Rec:None)
2023-10-13 08:12:01,875 - main - INFO - Dropped 1 output synapses each for 63 neurons in layer LinearTorch '0_LinearTorch' with shape (64, 64) (Rec:None)
2023-10-13 08:12:01,878 - main - INFO - Dropped 1 output synapses each for 64 neurons in layer LinearTorch '0_LinearTorch' with shape (64, 64) (Rec:None)
2023-10-13 08:12:59,535 - main - INFO - Dropped 1 output synapses each for 12 neurons in layer LinearTorch '0_LinearTorch' with shape (12, 64) (Rec:None)
2023-10-13 08:12:59,538 - main - INFO - Dropped 1 output synapses each for 63 neurons in layer LinearTorch '0_LinearTorch' with shape (64, 64) (Rec:None)
2023-10-13 08:12:59,542 - main - INFO - Dropped 1 output synapses each for 64 neurons in layer LinearTorch '0_LinearTorch' with shape (64, 64) (Rec:None)
2023-10-13 08:13:57,222 - main - INFO - Dropped 1 output synapses each for 12 neurons in layer LinearTorch '0_LinearTorch' with shape (12, 64) (Rec:None)
2023-10-13 08:13:57,225 - main - INFO - Dropped 1 output synapses each for 63 neurons in layer LinearTorch '0_LinearTorch' with shape (64, 64) (Rec:None)
2023-10-13 08:13:57,228 - main - INFO - Dropped 1 output synapses each for 64 neurons in layer LinearTorch '0_LinearTorch' with shape (64, 64) (Rec:None)
2023-10-13 08:14:54,857 - main - INFO - Dropped 1 output synapses each for 12 neurons in layer LinearTorch '0_LinearTorch' with shape (12, 64) (Rec:None)
2023-10-13 08:14:54,860 - main - INFO - Dropped 1 output synapses each for 63 neurons in layer LinearTorch '0_LinearTorch' with shape (64, 64) (Rec:None)
2023-10-13 08:14:54,862 - main - INFO - Dropped 1 output synapses each for 64 neurons in layer LinearTorch '0_LinearTorch' with shape (64, 64) (Rec:None)
2023-10-13 08:15:52,539 - main - INFO - Dropped 1 output synapses each for 12 neurons in layer LinearTorch '0_LinearTorch' with shape (12, 64) (Rec:None)
2023-10-13 08:15:52,542 - main - INFO - Dropped 1 output synapses each for 63 neurons in layer LinearTorch '0_LinearTorch' with shape (64, 64) (Rec:None)
2023-10-13 08:15:52,545 - main - INFO - Dropped 1 output synapses each for 64 neurons in layer LinearTorch '0_LinearTorch' with shape (64, 64) (Rec:None)
2023-10-13 08:16:50,320 - main - INFO - Dropped 1 output synapses each for 12 neurons in layer LinearTorch '0_LinearTorch' with shape (12, 64) (Rec:None)
2023-10-13 08:16:50,323 - main - INFO - Dropped 1 output synapses each for 63 neurons in layer LinearTorch '0_LinearTorch' with shape (64, 64) (Rec:None)
2023-10-13 08:16:50,325 - main - INFO - Dropped 1 output synapses each for 64 neurons in layer LinearTorch '0_LinearTorch' with shape (64, 64) (Rec:None)
2023-10-13 08:17:48,103 - main - INFO - Dropped 1 output synapses each for 12 neurons in layer LinearTorch '0_LinearTorch' with shape (12, 64) (Rec:None)
2023-10-13 08:17:48,106 - main - INFO - Dropped 1 output synapses each for 63 neurons in layer LinearTorch '0_LinearTorch' with shape (64, 64) (Rec:None)
2023-10-13 08:17:48,109 - main - INFO - Dropped 1 output synapses each for 64 neurons in layer LinearTorch '0_LinearTorch' with shape (64, 64) (Rec:None)
2023-10-13 08:17:53,843 - main - INFO - Epoch 100 -> Loss:0.7717030339124726, Acc:0.7251101938011614, Best Acc:0.7381235569859371
2023-10-13 08:18:45,670 - main - INFO - Dropped 1 output synapses each for 12 neurons in layer LinearTorch '0_LinearTorch' with shape (12, 64) (Rec:None)
2023-10-13 08:18:45,673 - main - INFO - Dropped 1 output synapses each for 63 neurons in layer LinearTorch '0_LinearTorch' with shape (64, 64) (Rec:None)
2023-10-13 08:18:45,676 - main - INFO - Dropped 1 output synapses each for 64 neurons in layer LinearTorch '0_LinearTorch' with shape (64, 64) (Rec:None)
2023-10-13 08:19:43,402 - main - INFO - Dropped 1 output synapses each for 12 neurons in layer LinearTorch '0_LinearTorch' with shape (12, 64) (Rec:None)
2023-10-13 08:19:43,405 - main - INFO - Dropped 1 output synapses each for 63 neurons in layer LinearTorch '0_LinearTorch' with shape (64, 64) (Rec:None)
2023-10-13 08:19:43,408 - main - INFO - Dropped 1 output synapses each for 64 neurons in layer LinearTorch '0_LinearTorch' with shape (64, 64) (Rec:None)
2023-10-13 08:20:37,516 - main - INFO - Dropped 1 output synapses each for 12 neurons in layer LinearTorch '0_LinearTorch' with shape (12, 64) (Rec:None)
2023-10-13 08:20:37,519 - main - INFO - Dropped 1 output synapses each for 63 neurons in layer LinearTorch '0_LinearTorch' with shape (64, 64) (Rec:None)
2023-10-13 08:20:37,522 - main - INFO - Dropped 1 output synapses each for 64 neurons in layer LinearTorch '0_LinearTorch' with shape (64, 64) (Rec:None)
2023-10-13 08:21:35,306 - main - INFO - Dropped 1 output synapses each for 12 neurons in layer LinearTorch '0_LinearTorch' with shape (12, 64) (Rec:None)
2023-10-13 08:21:35,309 - main - INFO - Dropped 1 output synapses each for 63 neurons in layer LinearTorch '0_LinearTorch' with shape (64, 64) (Rec:None)
2023-10-13 08:21:35,312 - main - INFO - Dropped 1 output synapses each for 64 neurons in layer LinearTorch '0_LinearTorch' with shape (64, 64) (Rec:None)
2023-10-13 08:22:33,058 - main - INFO - Dropped 1 output synapses each for 12 neurons in layer LinearTorch '0_LinearTorch' with shape (12, 64) (Rec:None)
2023-10-13 08:22:33,061 - main - INFO - Dropped 1 output synapses each for 63 neurons in layer LinearTorch '0_LinearTorch' with shape (64, 64) (Rec:None)
2023-10-13 08:22:33,064 - main - INFO - Dropped 1 output synapses each for 64 neurons in layer LinearTorch '0_LinearTorch' with shape (64, 64) (Rec:None)
2023-10-13 08:23:30,803 - main - INFO - Dropped 1 output synapses each for 12 neurons in layer LinearTorch '0_LinearTorch' with shape (12, 64) (Rec:None)
2023-10-13 08:23:30,806 - main - INFO - Dropped 1 output synapses each for 63 neurons in layer LinearTorch '0_LinearTorch' with shape (64, 64) (Rec:None)
2023-10-13 08:23:30,809 - main - INFO - Dropped 1 output synapses each for 64 neurons in layer LinearTorch '0_LinearTorch' with shape (64, 64) (Rec:None)
2023-10-13 08:24:28,393 - main - INFO - Dropped 1 output synapses each for 12 neurons in layer LinearTorch '0_LinearTorch' with shape (12, 64) (Rec:None)
2023-10-13 08:24:28,396 - main - INFO - Dropped 1 output synapses each for 63 neurons in layer LinearTorch '0_LinearTorch' with shape (64, 64) (Rec:None)
2023-10-13 08:24:28,399 - main - INFO - Dropped 1 output synapses each for 64 neurons in layer LinearTorch '0_LinearTorch' with shape (64, 64) (Rec:None)
2023-10-13 08:25:26,129 - main - INFO - Dropped 1 output synapses each for 12 neurons in layer LinearTorch '0_LinearTorch' with shape (12, 64) (Rec:None)
2023-10-13 08:25:26,132 - main - INFO - Dropped 1 output synapses each for 63 neurons in layer LinearTorch '0_LinearTorch' with shape (64, 64) (Rec:None)
2023-10-13 08:25:26,135 - main - INFO - Dropped 1 output synapses each for 64 neurons in layer LinearTorch '0_LinearTorch' with shape (64, 64) (Rec:None)
2023-10-13 08:26:20,289 - main - INFO - Dropped 1 output synapses each for 12 neurons in layer LinearTorch '0_LinearTorch' with shape (12, 64) (Rec:None)
2023-10-13 08:26:20,292 - main - INFO - Dropped 1 output synapses each for 63 neurons in layer LinearTorch '0_LinearTorch' with shape (64, 64) (Rec:None)
2023-10-13 08:26:20,295 - main - INFO - Dropped 1 output synapses each for 64 neurons in layer LinearTorch '0_LinearTorch' with shape (64, 64) (Rec:None)
2023-10-13 08:27:17,774 - main - INFO - Dropped 1 output synapses each for 12 neurons in layer LinearTorch '0_LinearTorch' with shape (12, 64) (Rec:None)
2023-10-13 08:27:17,776 - main - INFO - Dropped 1 output synapses each for 63 neurons in layer LinearTorch '0_LinearTorch' with shape (64, 64) (Rec:None)
2023-10-13 08:27:17,779 - main - INFO - Dropped 1 output synapses each for 64 neurons in layer LinearTorch '0_LinearTorch' with shape (64, 64) (Rec:None)
2023-10-13 08:27:23,595 - main - INFO - Epoch 200 -> Loss:0.680835716608094, Acc:0.752116420625481, Best Acc:0.760092352900021
2023-10-13 08:28:15,539 - main - INFO - Dropped 1 output synapses each for 12 neurons in layer LinearTorch '0_LinearTorch' with shape (12, 64) (Rec:None)
2023-10-13 08:28:15,542 - main - INFO - Dropped 1 output synapses each for 63 neurons in layer LinearTorch '0_LinearTorch' with shape (64, 64) (Rec:None)
2023-10-13 08:28:15,544 - main - INFO - Dropped 1 output synapses each for 64 neurons in layer LinearTorch '0_LinearTorch' with shape (64, 64) (Rec:None)
2023-10-13 08:29:13,379 - main - INFO - Dropped 1 output synapses each for 12 neurons in layer LinearTorch '0_LinearTorch' with shape (12, 64) (Rec:None)
2023-10-13 08:29:13,382 - main - INFO - Dropped 1 output synapses each for 63 neurons in layer LinearTorch '0_LinearTorch' with shape (64, 64) (Rec:None)
2023-10-13 08:29:13,385 - main - INFO - Dropped 1 output synapses each for 64 neurons in layer LinearTorch '0_LinearTorch' with shape (64, 64) (Rec:None)
2023-10-13 08:30:11,141 - main - INFO - Dropped 1 output synapses each for 12 neurons in layer LinearTorch '0_LinearTorch' with shape (12, 64) (Rec:None)
2023-10-13 08:30:11,144 - main - INFO - Dropped 1 output synapses each for 63 neurons in layer LinearTorch '0_LinearTorch' with shape (64, 64) (Rec:None)
2023-10-13 08:30:11,147 - main - INFO - Dropped 1 output synapses each for 64 neurons in layer LinearTorch '0_LinearTorch' with shape (64, 64) (Rec:None)
2023-10-13 08:31:08,802 - main - INFO - Dropped 1 output synapses each for 12 neurons in layer LinearTorch '0_LinearTorch' with shape (12, 64) (Rec:None)
2023-10-13 08:31:08,805 - main - INFO - Dropped 1 output synapses each for 64 neurons in layer LinearTorch '0_LinearTorch' with shape (64, 64) (Rec:None)
2023-10-13 08:31:08,809 - main - INFO - Dropped 1 output synapses each for 64 neurons in layer LinearTorch '0_LinearTorch' with shape (64, 64) (Rec:None)
2023-10-13 08:32:00,226 - main - INFO - Training finished with accuracy: 0.7614916392639753
