2023-10-21 03:15:46,312 - main - INFO - PyTorch is currently running on: cuda
2023-10-21 03:15:46,316 - main - INFO - Initial parameters: {'n_population': 128, 'tau_mem': 0.166, 'tau_syn': 0.066}
2023-10-21 03:15:54,431 - main - INFO - Loaded 71464 events from file ../data/wisdm_watch_full_40_encoded.npy
2023-10-21 03:15:54,581 - main - INFO - Generated events partitions: train(42878), val(14293, test(14293))
2023-10-21 03:15:54,633 - main - INFO - Built network: 
TorchSequential  with shape (12, 7) {
    LinearTorch '0_LinearTorch' with shape (12, 128)
    LIFTorch '1_LIFTorch' with shape (128, 128)
    LinearTorch '2_LinearTorch' with shape (128, 7)
    LIFTorch '3_LIFTorch' with shape (7, 7)
}
2023-10-21 03:15:55,796 - main - INFO - Dropped 65 output synapses each for 12 neurons in layer LinearTorch '0_LinearTorch' with shape (12, 128) (Rec:None)
2023-10-21 03:15:55,802 - main - INFO - Dropped 72 output synapses each for 128 neurons in layer LinearTorch '2_LinearTorch' with shape (128, 7) (Rec:LIFTorch '1_LIFTorch' with shape (128, 128))
2023-10-21 03:16:00,264 - main - INFO - Epoch 0 -> Loss:1.9649859376069976, Acc:0.3035751766599034, Best Acc:0.3035751766599034
2023-10-21 03:16:32,380 - main - INFO - Dropped 65 output synapses each for 12 neurons in layer LinearTorch '0_LinearTorch' with shape (12, 128) (Rec:None)
2023-10-21 03:16:32,386 - main - INFO - Dropped 72 output synapses each for 128 neurons in layer LinearTorch '2_LinearTorch' with shape (128, 7) (Rec:LIFTorch '1_LIFTorch' with shape (128, 128))
2023-10-21 03:17:04,713 - main - INFO - Dropped 65 output synapses each for 12 neurons in layer LinearTorch '0_LinearTorch' with shape (12, 128) (Rec:None)
2023-10-21 03:17:04,720 - main - INFO - Dropped 72 output synapses each for 128 neurons in layer LinearTorch '2_LinearTorch' with shape (128, 7) (Rec:LIFTorch '1_LIFTorch' with shape (128, 128))
2023-10-21 03:17:42,238 - main - INFO - Dropped 65 output synapses each for 12 neurons in layer LinearTorch '0_LinearTorch' with shape (12, 128) (Rec:None)
2023-10-21 03:17:42,245 - main - INFO - Dropped 72 output synapses each for 128 neurons in layer LinearTorch '2_LinearTorch' with shape (128, 7) (Rec:LIFTorch '1_LIFTorch' with shape (128, 128))
2023-10-21 03:18:19,722 - main - INFO - Dropped 65 output synapses each for 12 neurons in layer LinearTorch '0_LinearTorch' with shape (12, 128) (Rec:None)
2023-10-21 03:18:19,729 - main - INFO - Dropped 72 output synapses each for 128 neurons in layer LinearTorch '2_LinearTorch' with shape (128, 7) (Rec:LIFTorch '1_LIFTorch' with shape (128, 128))
2023-10-21 03:18:57,284 - main - INFO - Dropped 65 output synapses each for 12 neurons in layer LinearTorch '0_LinearTorch' with shape (12, 128) (Rec:None)
2023-10-21 03:18:57,291 - main - INFO - Dropped 72 output synapses each for 128 neurons in layer LinearTorch '2_LinearTorch' with shape (128, 7) (Rec:LIFTorch '1_LIFTorch' with shape (128, 128))
2023-10-21 03:19:34,804 - main - INFO - Dropped 65 output synapses each for 12 neurons in layer LinearTorch '0_LinearTorch' with shape (12, 128) (Rec:None)
2023-10-21 03:19:34,811 - main - INFO - Dropped 72 output synapses each for 128 neurons in layer LinearTorch '2_LinearTorch' with shape (128, 7) (Rec:LIFTorch '1_LIFTorch' with shape (128, 128))
2023-10-21 03:20:12,275 - main - INFO - Dropped 65 output synapses each for 12 neurons in layer LinearTorch '0_LinearTorch' with shape (12, 128) (Rec:None)
2023-10-21 03:20:12,282 - main - INFO - Dropped 72 output synapses each for 128 neurons in layer LinearTorch '2_LinearTorch' with shape (128, 7) (Rec:LIFTorch '1_LIFTorch' with shape (128, 128))
2023-10-21 03:20:49,800 - main - INFO - Dropped 65 output synapses each for 12 neurons in layer LinearTorch '0_LinearTorch' with shape (12, 128) (Rec:None)
2023-10-21 03:20:49,807 - main - INFO - Dropped 72 output synapses each for 128 neurons in layer LinearTorch '2_LinearTorch' with shape (128, 7) (Rec:LIFTorch '1_LIFTorch' with shape (128, 128))
2023-10-21 03:21:27,225 - main - INFO - Dropped 65 output synapses each for 12 neurons in layer LinearTorch '0_LinearTorch' with shape (12, 128) (Rec:None)
2023-10-21 03:21:27,231 - main - INFO - Dropped 72 output synapses each for 128 neurons in layer LinearTorch '2_LinearTorch' with shape (128, 7) (Rec:LIFTorch '1_LIFTorch' with shape (128, 128))
2023-10-21 03:22:04,809 - main - INFO - Dropped 65 output synapses each for 12 neurons in layer LinearTorch '0_LinearTorch' with shape (12, 128) (Rec:None)
2023-10-21 03:22:04,816 - main - INFO - Dropped 72 output synapses each for 128 neurons in layer LinearTorch '2_LinearTorch' with shape (128, 7) (Rec:LIFTorch '1_LIFTorch' with shape (128, 128))
2023-10-21 03:22:08,559 - main - INFO - Epoch 100 -> Loss:0.639051162615055, Acc:0.7570838872175191, Best Acc:0.7642202476736863
2023-10-21 03:22:42,208 - main - INFO - Dropped 65 output synapses each for 12 neurons in layer LinearTorch '0_LinearTorch' with shape (12, 128) (Rec:None)
2023-10-21 03:22:42,214 - main - INFO - Dropped 72 output synapses each for 128 neurons in layer LinearTorch '2_LinearTorch' with shape (128, 7) (Rec:LIFTorch '1_LIFTorch' with shape (128, 128))
2023-10-21 03:23:19,769 - main - INFO - Dropped 65 output synapses each for 12 neurons in layer LinearTorch '0_LinearTorch' with shape (12, 128) (Rec:None)
2023-10-21 03:23:19,776 - main - INFO - Dropped 72 output synapses each for 128 neurons in layer LinearTorch '2_LinearTorch' with shape (128, 7) (Rec:LIFTorch '1_LIFTorch' with shape (128, 128))
2023-10-21 03:23:57,283 - main - INFO - Dropped 65 output synapses each for 12 neurons in layer LinearTorch '0_LinearTorch' with shape (12, 128) (Rec:None)
2023-10-21 03:23:57,290 - main - INFO - Dropped 72 output synapses each for 128 neurons in layer LinearTorch '2_LinearTorch' with shape (128, 7) (Rec:LIFTorch '1_LIFTorch' with shape (128, 128))
2023-10-21 03:24:34,770 - main - INFO - Dropped 65 output synapses each for 12 neurons in layer LinearTorch '0_LinearTorch' with shape (12, 128) (Rec:None)
2023-10-21 03:24:34,777 - main - INFO - Dropped 72 output synapses each for 128 neurons in layer LinearTorch '2_LinearTorch' with shape (128, 7) (Rec:LIFTorch '1_LIFTorch' with shape (128, 128))
2023-10-21 03:25:12,241 - main - INFO - Dropped 65 output synapses each for 12 neurons in layer LinearTorch '0_LinearTorch' with shape (12, 128) (Rec:None)
2023-10-21 03:25:12,273 - main - INFO - Dropped 72 output synapses each for 128 neurons in layer LinearTorch '2_LinearTorch' with shape (128, 7) (Rec:LIFTorch '1_LIFTorch' with shape (128, 128))
2023-10-21 03:25:49,741 - main - INFO - Dropped 65 output synapses each for 12 neurons in layer LinearTorch '0_LinearTorch' with shape (12, 128) (Rec:None)
2023-10-21 03:25:49,748 - main - INFO - Dropped 72 output synapses each for 128 neurons in layer LinearTorch '2_LinearTorch' with shape (128, 7) (Rec:LIFTorch '1_LIFTorch' with shape (128, 128))
2023-10-21 03:26:27,312 - main - INFO - Dropped 65 output synapses each for 12 neurons in layer LinearTorch '0_LinearTorch' with shape (12, 128) (Rec:None)
2023-10-21 03:26:27,319 - main - INFO - Dropped 72 output synapses each for 128 neurons in layer LinearTorch '2_LinearTorch' with shape (128, 7) (Rec:LIFTorch '1_LIFTorch' with shape (128, 128))
2023-10-21 03:27:04,699 - main - INFO - Dropped 65 output synapses each for 12 neurons in layer LinearTorch '0_LinearTorch' with shape (12, 128) (Rec:None)
2023-10-21 03:27:04,705 - main - INFO - Dropped 72 output synapses each for 128 neurons in layer LinearTorch '2_LinearTorch' with shape (128, 7) (Rec:LIFTorch '1_LIFTorch' with shape (128, 128))
2023-10-21 03:27:42,130 - main - INFO - Dropped 65 output synapses each for 12 neurons in layer LinearTorch '0_LinearTorch' with shape (12, 128) (Rec:None)
2023-10-21 03:27:42,136 - main - INFO - Dropped 72 output synapses each for 128 neurons in layer LinearTorch '2_LinearTorch' with shape (128, 7) (Rec:LIFTorch '1_LIFTorch' with shape (128, 128))
2023-10-21 03:28:19,609 - main - INFO - Dropped 65 output synapses each for 12 neurons in layer LinearTorch '0_LinearTorch' with shape (12, 128) (Rec:None)
2023-10-21 03:28:19,615 - main - INFO - Dropped 72 output synapses each for 128 neurons in layer LinearTorch '2_LinearTorch' with shape (128, 7) (Rec:LIFTorch '1_LIFTorch' with shape (128, 128))
2023-10-21 03:28:23,328 - main - INFO - Epoch 200 -> Loss:0.6097684153696386, Acc:0.7128664381165605, Best Acc:0.7818512558595117
2023-10-21 03:28:57,020 - main - INFO - Dropped 65 output synapses each for 12 neurons in layer LinearTorch '0_LinearTorch' with shape (12, 128) (Rec:None)
2023-10-21 03:28:57,030 - main - INFO - Dropped 72 output synapses each for 128 neurons in layer LinearTorch '2_LinearTorch' with shape (128, 7) (Rec:LIFTorch '1_LIFTorch' with shape (128, 128))
2023-10-21 03:29:34,535 - main - INFO - Dropped 65 output synapses each for 12 neurons in layer LinearTorch '0_LinearTorch' with shape (12, 128) (Rec:None)
2023-10-21 03:29:34,541 - main - INFO - Dropped 72 output synapses each for 128 neurons in layer LinearTorch '2_LinearTorch' with shape (128, 7) (Rec:LIFTorch '1_LIFTorch' with shape (128, 128))
2023-10-21 03:30:12,043 - main - INFO - Dropped 65 output synapses each for 12 neurons in layer LinearTorch '0_LinearTorch' with shape (12, 128) (Rec:None)
2023-10-21 03:30:12,049 - main - INFO - Dropped 72 output synapses each for 128 neurons in layer LinearTorch '2_LinearTorch' with shape (128, 7) (Rec:LIFTorch '1_LIFTorch' with shape (128, 128))
2023-10-21 03:30:49,399 - main - INFO - Dropped 65 output synapses each for 12 neurons in layer LinearTorch '0_LinearTorch' with shape (12, 128) (Rec:None)
2023-10-21 03:30:49,405 - main - INFO - Dropped 72 output synapses each for 128 neurons in layer LinearTorch '2_LinearTorch' with shape (128, 7) (Rec:LIFTorch '1_LIFTorch' with shape (128, 128))
2023-10-21 03:31:26,809 - main - INFO - Training finished with accuracy: 0.7870286154061429
