2023-10-21 10:43:07,281 - main - INFO - PyTorch is currently running on: cuda
2023-10-21 10:43:07,285 - main - INFO - Initial parameters: {'n_population': 64, 'tau_mem': 0.108, 'tau_syn': 0.065}
2023-10-21 10:43:15,506 - main - INFO - Loaded 71464 events from file ../data/wisdm_watch_full_40_encoded.npy
2023-10-21 10:43:15,658 - main - INFO - Generated events partitions: train(42878), val(14293, test(14293))
2023-10-21 10:43:15,711 - main - INFO - Built network: 
TorchSequential  with shape (12, 7) {
    LinearTorch '0_LinearTorch' with shape (12, 64)
    LIFTorch '1_LIFTorch' with shape (64, 64)
    LinearTorch '2_LinearTorch' with shape (64, 64)
    LIFTorch '3_LIFTorch' with shape (64, 64)
    LinearTorch '4_LinearTorch' with shape (64, 7)
    LIFTorch '5_LIFTorch' with shape (7, 7)
}
2023-10-21 10:43:16,863 - main - INFO - Dropped 1 output synapses each for 12 neurons in layer LinearTorch '0_LinearTorch' with shape (12, 64) (Rec:None)
2023-10-21 10:43:16,866 - main - INFO - Dropped 1 output synapses each for 64 neurons in layer LinearTorch '2_LinearTorch' with shape (64, 64) (Rec:None)
2023-10-21 10:43:16,869 - main - INFO - Dropped 8 output synapses each for 64 neurons in layer LinearTorch '4_LinearTorch' with shape (64, 7) (Rec:LIFTorch '3_LIFTorch' with shape (64, 64))
2023-10-21 10:43:21,956 - main - INFO - Epoch 0 -> Loss:1.9112389494733113, Acc:0.23347092982578885, Best Acc:0.23347092982578885
2023-10-21 10:44:00,525 - main - INFO - Dropped 1 output synapses each for 12 neurons in layer LinearTorch '0_LinearTorch' with shape (12, 64) (Rec:None)
2023-10-21 10:44:00,528 - main - INFO - Dropped 1 output synapses each for 63 neurons in layer LinearTorch '2_LinearTorch' with shape (64, 64) (Rec:None)
2023-10-21 10:44:00,531 - main - INFO - Dropped 7 output synapses each for 64 neurons in layer LinearTorch '4_LinearTorch' with shape (64, 7) (Rec:LIFTorch '3_LIFTorch' with shape (64, 64))
2023-10-21 10:44:43,397 - main - INFO - Dropped 1 output synapses each for 12 neurons in layer LinearTorch '0_LinearTorch' with shape (12, 64) (Rec:None)
2023-10-21 10:44:43,400 - main - INFO - Dropped 1 output synapses each for 63 neurons in layer LinearTorch '2_LinearTorch' with shape (64, 64) (Rec:None)
2023-10-21 10:44:43,403 - main - INFO - Dropped 7 output synapses each for 64 neurons in layer LinearTorch '4_LinearTorch' with shape (64, 7) (Rec:LIFTorch '3_LIFTorch' with shape (64, 64))
2023-10-21 10:45:26,469 - main - INFO - Dropped 1 output synapses each for 12 neurons in layer LinearTorch '0_LinearTorch' with shape (12, 64) (Rec:None)
2023-10-21 10:45:26,472 - main - INFO - Dropped 1 output synapses each for 63 neurons in layer LinearTorch '2_LinearTorch' with shape (64, 64) (Rec:None)
2023-10-21 10:45:26,475 - main - INFO - Dropped 7 output synapses each for 64 neurons in layer LinearTorch '4_LinearTorch' with shape (64, 7) (Rec:LIFTorch '3_LIFTorch' with shape (64, 64))
2023-10-21 10:46:09,418 - main - INFO - Dropped 1 output synapses each for 12 neurons in layer LinearTorch '0_LinearTorch' with shape (12, 64) (Rec:None)
2023-10-21 10:46:09,421 - main - INFO - Dropped 1 output synapses each for 63 neurons in layer LinearTorch '2_LinearTorch' with shape (64, 64) (Rec:None)
2023-10-21 10:46:09,424 - main - INFO - Dropped 7 output synapses each for 64 neurons in layer LinearTorch '4_LinearTorch' with shape (64, 7) (Rec:LIFTorch '3_LIFTorch' with shape (64, 64))
2023-10-21 10:46:52,575 - main - INFO - Dropped 1 output synapses each for 12 neurons in layer LinearTorch '0_LinearTorch' with shape (12, 64) (Rec:None)
2023-10-21 10:46:52,578 - main - INFO - Dropped 1 output synapses each for 63 neurons in layer LinearTorch '2_LinearTorch' with shape (64, 64) (Rec:None)
2023-10-21 10:46:52,581 - main - INFO - Dropped 7 output synapses each for 64 neurons in layer LinearTorch '4_LinearTorch' with shape (64, 7) (Rec:LIFTorch '3_LIFTorch' with shape (64, 64))
2023-10-21 10:47:35,665 - main - INFO - Dropped 1 output synapses each for 12 neurons in layer LinearTorch '0_LinearTorch' with shape (12, 64) (Rec:None)
2023-10-21 10:47:35,668 - main - INFO - Dropped 1 output synapses each for 63 neurons in layer LinearTorch '2_LinearTorch' with shape (64, 64) (Rec:None)
2023-10-21 10:47:35,670 - main - INFO - Dropped 7 output synapses each for 64 neurons in layer LinearTorch '4_LinearTorch' with shape (64, 7) (Rec:LIFTorch '3_LIFTorch' with shape (64, 64))
2023-10-21 10:48:18,663 - main - INFO - Dropped 1 output synapses each for 12 neurons in layer LinearTorch '0_LinearTorch' with shape (12, 64) (Rec:None)
2023-10-21 10:48:18,665 - main - INFO - Dropped 1 output synapses each for 63 neurons in layer LinearTorch '2_LinearTorch' with shape (64, 64) (Rec:None)
2023-10-21 10:48:18,668 - main - INFO - Dropped 7 output synapses each for 64 neurons in layer LinearTorch '4_LinearTorch' with shape (64, 7) (Rec:LIFTorch '3_LIFTorch' with shape (64, 64))
2023-10-21 10:49:01,467 - main - INFO - Dropped 1 output synapses each for 12 neurons in layer LinearTorch '0_LinearTorch' with shape (12, 64) (Rec:None)
2023-10-21 10:49:01,471 - main - INFO - Dropped 1 output synapses each for 63 neurons in layer LinearTorch '2_LinearTorch' with shape (64, 64) (Rec:None)
2023-10-21 10:49:01,473 - main - INFO - Dropped 7 output synapses each for 64 neurons in layer LinearTorch '4_LinearTorch' with shape (64, 7) (Rec:LIFTorch '3_LIFTorch' with shape (64, 64))
2023-10-21 10:49:44,366 - main - INFO - Dropped 1 output synapses each for 12 neurons in layer LinearTorch '0_LinearTorch' with shape (12, 64) (Rec:None)
2023-10-21 10:49:44,370 - main - INFO - Dropped 1 output synapses each for 63 neurons in layer LinearTorch '2_LinearTorch' with shape (64, 64) (Rec:None)
2023-10-21 10:49:44,373 - main - INFO - Dropped 7 output synapses each for 64 neurons in layer LinearTorch '4_LinearTorch' with shape (64, 7) (Rec:LIFTorch '3_LIFTorch' with shape (64, 64))
2023-10-21 10:50:24,336 - main - INFO - Dropped 1 output synapses each for 12 neurons in layer LinearTorch '0_LinearTorch' with shape (12, 64) (Rec:None)
2023-10-21 10:50:24,339 - main - INFO - Dropped 1 output synapses each for 63 neurons in layer LinearTorch '2_LinearTorch' with shape (64, 64) (Rec:None)
2023-10-21 10:50:24,342 - main - INFO - Dropped 7 output synapses each for 64 neurons in layer LinearTorch '4_LinearTorch' with shape (64, 7) (Rec:LIFTorch '3_LIFTorch' with shape (64, 64))
2023-10-21 10:50:28,669 - main - INFO - Epoch 100 -> Loss:0.7009734918431538, Acc:0.7304974463023858, Best Acc:0.7398027006226824
2023-10-21 10:51:07,459 - main - INFO - Dropped 1 output synapses each for 12 neurons in layer LinearTorch '0_LinearTorch' with shape (12, 64) (Rec:None)
2023-10-21 10:51:07,462 - main - INFO - Dropped 1 output synapses each for 63 neurons in layer LinearTorch '2_LinearTorch' with shape (64, 64) (Rec:None)
2023-10-21 10:51:07,465 - main - INFO - Dropped 7 output synapses each for 64 neurons in layer LinearTorch '4_LinearTorch' with shape (64, 7) (Rec:LIFTorch '3_LIFTorch' with shape (64, 64))
2023-10-21 10:51:50,592 - main - INFO - Dropped 1 output synapses each for 12 neurons in layer LinearTorch '0_LinearTorch' with shape (12, 64) (Rec:None)
2023-10-21 10:51:50,595 - main - INFO - Dropped 1 output synapses each for 63 neurons in layer LinearTorch '2_LinearTorch' with shape (64, 64) (Rec:None)
2023-10-21 10:51:50,598 - main - INFO - Dropped 7 output synapses each for 64 neurons in layer LinearTorch '4_LinearTorch' with shape (64, 7) (Rec:LIFTorch '3_LIFTorch' with shape (64, 64))
2023-10-21 10:52:33,595 - main - INFO - Dropped 1 output synapses each for 12 neurons in layer LinearTorch '0_LinearTorch' with shape (12, 64) (Rec:None)
2023-10-21 10:52:33,598 - main - INFO - Dropped 1 output synapses each for 63 neurons in layer LinearTorch '2_LinearTorch' with shape (64, 64) (Rec:None)
2023-10-21 10:52:33,601 - main - INFO - Dropped 7 output synapses each for 64 neurons in layer LinearTorch '4_LinearTorch' with shape (64, 7) (Rec:LIFTorch '3_LIFTorch' with shape (64, 64))
2023-10-21 10:53:16,606 - main - INFO - Dropped 1 output synapses each for 12 neurons in layer LinearTorch '0_LinearTorch' with shape (12, 64) (Rec:None)
2023-10-21 10:53:16,609 - main - INFO - Dropped 1 output synapses each for 63 neurons in layer LinearTorch '2_LinearTorch' with shape (64, 64) (Rec:None)
2023-10-21 10:53:16,612 - main - INFO - Dropped 7 output synapses each for 64 neurons in layer LinearTorch '4_LinearTorch' with shape (64, 7) (Rec:LIFTorch '3_LIFTorch' with shape (64, 64))
2023-10-21 10:53:59,576 - main - INFO - Dropped 1 output synapses each for 12 neurons in layer LinearTorch '0_LinearTorch' with shape (12, 64) (Rec:None)
2023-10-21 10:53:59,579 - main - INFO - Dropped 1 output synapses each for 63 neurons in layer LinearTorch '2_LinearTorch' with shape (64, 64) (Rec:None)
2023-10-21 10:53:59,582 - main - INFO - Dropped 7 output synapses each for 64 neurons in layer LinearTorch '4_LinearTorch' with shape (64, 7) (Rec:LIFTorch '3_LIFTorch' with shape (64, 64))
2023-10-21 10:54:42,747 - main - INFO - Dropped 1 output synapses each for 12 neurons in layer LinearTorch '0_LinearTorch' with shape (12, 64) (Rec:None)
2023-10-21 10:54:42,751 - main - INFO - Dropped 1 output synapses each for 63 neurons in layer LinearTorch '2_LinearTorch' with shape (64, 64) (Rec:None)
2023-10-21 10:54:42,754 - main - INFO - Dropped 7 output synapses each for 64 neurons in layer LinearTorch '4_LinearTorch' with shape (64, 7) (Rec:LIFTorch '3_LIFTorch' with shape (64, 64))
2023-10-21 10:55:25,624 - main - INFO - Dropped 1 output synapses each for 12 neurons in layer LinearTorch '0_LinearTorch' with shape (12, 64) (Rec:None)
2023-10-21 10:55:25,627 - main - INFO - Dropped 1 output synapses each for 63 neurons in layer LinearTorch '2_LinearTorch' with shape (64, 64) (Rec:None)
2023-10-21 10:55:25,630 - main - INFO - Dropped 7 output synapses each for 64 neurons in layer LinearTorch '4_LinearTorch' with shape (64, 7) (Rec:LIFTorch '3_LIFTorch' with shape (64, 64))
2023-10-21 10:56:08,560 - main - INFO - Dropped 1 output synapses each for 12 neurons in layer LinearTorch '0_LinearTorch' with shape (12, 64) (Rec:None)
2023-10-21 10:56:08,563 - main - INFO - Dropped 1 output synapses each for 63 neurons in layer LinearTorch '2_LinearTorch' with shape (64, 64) (Rec:None)
2023-10-21 10:56:08,566 - main - INFO - Dropped 7 output synapses each for 64 neurons in layer LinearTorch '4_LinearTorch' with shape (64, 7) (Rec:LIFTorch '3_LIFTorch' with shape (64, 64))
2023-10-21 10:56:51,454 - main - INFO - Dropped 1 output synapses each for 12 neurons in layer LinearTorch '0_LinearTorch' with shape (12, 64) (Rec:None)
2023-10-21 10:56:51,458 - main - INFO - Dropped 1 output synapses each for 63 neurons in layer LinearTorch '2_LinearTorch' with shape (64, 64) (Rec:None)
2023-10-21 10:56:51,461 - main - INFO - Dropped 7 output synapses each for 64 neurons in layer LinearTorch '4_LinearTorch' with shape (64, 7) (Rec:LIFTorch '3_LIFTorch' with shape (64, 64))
2023-10-21 10:57:34,405 - main - INFO - Dropped 1 output synapses each for 12 neurons in layer LinearTorch '0_LinearTorch' with shape (12, 64) (Rec:None)
2023-10-21 10:57:34,408 - main - INFO - Dropped 1 output synapses each for 63 neurons in layer LinearTorch '2_LinearTorch' with shape (64, 64) (Rec:None)
2023-10-21 10:57:34,411 - main - INFO - Dropped 7 output synapses each for 64 neurons in layer LinearTorch '4_LinearTorch' with shape (64, 7) (Rec:LIFTorch '3_LIFTorch' with shape (64, 64))
2023-10-21 10:57:38,766 - main - INFO - Epoch 200 -> Loss:0.6525092793674003, Acc:0.7459595606240816, Best Acc:0.7643601763100818
2023-10-21 10:58:17,528 - main - INFO - Dropped 1 output synapses each for 12 neurons in layer LinearTorch '0_LinearTorch' with shape (12, 64) (Rec:None)
2023-10-21 10:58:17,531 - main - INFO - Dropped 1 output synapses each for 63 neurons in layer LinearTorch '2_LinearTorch' with shape (64, 64) (Rec:None)
2023-10-21 10:58:17,534 - main - INFO - Dropped 7 output synapses each for 64 neurons in layer LinearTorch '4_LinearTorch' with shape (64, 7) (Rec:LIFTorch '3_LIFTorch' with shape (64, 64))
2023-10-21 10:59:00,506 - main - INFO - Dropped 1 output synapses each for 12 neurons in layer LinearTorch '0_LinearTorch' with shape (12, 64) (Rec:None)
2023-10-21 10:59:00,510 - main - INFO - Dropped 1 output synapses each for 63 neurons in layer LinearTorch '2_LinearTorch' with shape (64, 64) (Rec:None)
2023-10-21 10:59:00,512 - main - INFO - Dropped 7 output synapses each for 64 neurons in layer LinearTorch '4_LinearTorch' with shape (64, 7) (Rec:LIFTorch '3_LIFTorch' with shape (64, 64))
2023-10-21 10:59:43,390 - main - INFO - Dropped 1 output synapses each for 12 neurons in layer LinearTorch '0_LinearTorch' with shape (12, 64) (Rec:None)
2023-10-21 10:59:43,393 - main - INFO - Dropped 1 output synapses each for 63 neurons in layer LinearTorch '2_LinearTorch' with shape (64, 64) (Rec:None)
2023-10-21 10:59:43,395 - main - INFO - Dropped 7 output synapses each for 64 neurons in layer LinearTorch '4_LinearTorch' with shape (64, 7) (Rec:LIFTorch '3_LIFTorch' with shape (64, 64))
2023-10-21 11:00:26,310 - main - INFO - Dropped 1 output synapses each for 12 neurons in layer LinearTorch '0_LinearTorch' with shape (12, 64) (Rec:None)
2023-10-21 11:00:26,313 - main - INFO - Dropped 1 output synapses each for 63 neurons in layer LinearTorch '2_LinearTorch' with shape (64, 64) (Rec:None)
2023-10-21 11:00:26,316 - main - INFO - Dropped 7 output synapses each for 64 neurons in layer LinearTorch '4_LinearTorch' with shape (64, 7) (Rec:LIFTorch '3_LIFTorch' with shape (64, 64))
2023-10-21 11:01:09,157 - main - INFO - Training finished with accuracy: 0.7671587490379906
