2023-10-21 18:56:25,160 - main - INFO - PyTorch is currently running on: cuda
2023-10-21 18:56:25,164 - main - INFO - Initial parameters: {'n_population': 128, 'tau_mem': 0.116, 'tau_syn': 0.078}
2023-10-21 18:56:33,335 - main - INFO - Loaded 71464 events from file ../data/wisdm_watch_full_40_encoded.npy
2023-10-21 18:56:33,495 - main - INFO - Generated events partitions: train(42878), val(14293, test(14293))
2023-10-21 18:56:33,547 - main - INFO - Built network: 
TorchSequential  with shape (12, 7) {
    LinearTorch '0_LinearTorch' with shape (12, 128)
    LIFTorch '1_LIFTorch' with shape (128, 128)
    LinearTorch '2_LinearTorch' with shape (128, 128)
    LIFTorch '3_LIFTorch' with shape (128, 128)
    LinearTorch '4_LinearTorch' with shape (128, 7)
    LIFTorch '5_LIFTorch' with shape (7, 7)
}
2023-10-21 18:56:34,667 - main - INFO - Dropped 65 output synapses each for 12 neurons in layer LinearTorch '0_LinearTorch' with shape (12, 128) (Rec:None)
2023-10-21 18:56:34,673 - main - INFO - Dropped 65 output synapses each for 128 neurons in layer LinearTorch '2_LinearTorch' with shape (128, 128) (Rec:None)
2023-10-21 18:56:34,680 - main - INFO - Dropped 72 output synapses each for 128 neurons in layer LinearTorch '4_LinearTorch' with shape (128, 7) (Rec:LIFTorch '3_LIFTorch' with shape (128, 128))
2023-10-21 18:56:41,300 - main - INFO - Epoch 0 -> Loss:2.303727597725101, Acc:0.22045756664101307, Best Acc:0.22045756664101307
2023-10-21 18:57:29,187 - main - INFO - Dropped 64 output synapses each for 12 neurons in layer LinearTorch '0_LinearTorch' with shape (12, 128) (Rec:None)
2023-10-21 18:57:29,193 - main - INFO - Dropped 64 output synapses each for 127 neurons in layer LinearTorch '2_LinearTorch' with shape (128, 128) (Rec:None)
2023-10-21 18:57:29,199 - main - INFO - Dropped 71 output synapses each for 127 neurons in layer LinearTorch '4_LinearTorch' with shape (128, 7) (Rec:LIFTorch '3_LIFTorch' with shape (128, 128))
2023-10-21 18:58:28,278 - main - INFO - Dropped 64 output synapses each for 12 neurons in layer LinearTorch '0_LinearTorch' with shape (12, 128) (Rec:None)
2023-10-21 18:58:28,284 - main - INFO - Dropped 64 output synapses each for 127 neurons in layer LinearTorch '2_LinearTorch' with shape (128, 128) (Rec:None)
2023-10-21 18:58:28,291 - main - INFO - Dropped 71 output synapses each for 128 neurons in layer LinearTorch '4_LinearTorch' with shape (128, 7) (Rec:LIFTorch '3_LIFTorch' with shape (128, 128))
2023-10-21 18:59:27,404 - main - INFO - Dropped 64 output synapses each for 12 neurons in layer LinearTorch '0_LinearTorch' with shape (12, 128) (Rec:None)
2023-10-21 18:59:27,410 - main - INFO - Dropped 64 output synapses each for 127 neurons in layer LinearTorch '2_LinearTorch' with shape (128, 128) (Rec:None)
2023-10-21 18:59:27,419 - main - INFO - Dropped 71 output synapses each for 128 neurons in layer LinearTorch '4_LinearTorch' with shape (128, 7) (Rec:LIFTorch '3_LIFTorch' with shape (128, 128))
2023-10-21 19:00:26,334 - main - INFO - Dropped 64 output synapses each for 12 neurons in layer LinearTorch '0_LinearTorch' with shape (12, 128) (Rec:None)
2023-10-21 19:00:26,340 - main - INFO - Dropped 64 output synapses each for 127 neurons in layer LinearTorch '2_LinearTorch' with shape (128, 128) (Rec:None)
2023-10-21 19:00:26,346 - main - INFO - Dropped 71 output synapses each for 128 neurons in layer LinearTorch '4_LinearTorch' with shape (128, 7) (Rec:LIFTorch '3_LIFTorch' with shape (128, 128))
2023-10-21 19:01:25,423 - main - INFO - Dropped 64 output synapses each for 12 neurons in layer LinearTorch '0_LinearTorch' with shape (12, 128) (Rec:None)
2023-10-21 19:01:25,429 - main - INFO - Dropped 64 output synapses each for 127 neurons in layer LinearTorch '2_LinearTorch' with shape (128, 128) (Rec:None)
2023-10-21 19:01:25,435 - main - INFO - Dropped 71 output synapses each for 128 neurons in layer LinearTorch '4_LinearTorch' with shape (128, 7) (Rec:LIFTorch '3_LIFTorch' with shape (128, 128))
2023-10-21 19:02:24,554 - main - INFO - Dropped 64 output synapses each for 12 neurons in layer LinearTorch '0_LinearTorch' with shape (12, 128) (Rec:None)
2023-10-21 19:02:24,560 - main - INFO - Dropped 64 output synapses each for 127 neurons in layer LinearTorch '2_LinearTorch' with shape (128, 128) (Rec:None)
2023-10-21 19:02:24,566 - main - INFO - Dropped 71 output synapses each for 128 neurons in layer LinearTorch '4_LinearTorch' with shape (128, 7) (Rec:LIFTorch '3_LIFTorch' with shape (128, 128))
2023-10-21 19:03:23,433 - main - INFO - Dropped 64 output synapses each for 12 neurons in layer LinearTorch '0_LinearTorch' with shape (12, 128) (Rec:None)
2023-10-21 19:03:23,439 - main - INFO - Dropped 64 output synapses each for 127 neurons in layer LinearTorch '2_LinearTorch' with shape (128, 128) (Rec:None)
2023-10-21 19:03:23,445 - main - INFO - Dropped 71 output synapses each for 128 neurons in layer LinearTorch '4_LinearTorch' with shape (128, 7) (Rec:LIFTorch '3_LIFTorch' with shape (128, 128))
2023-10-21 19:04:22,291 - main - INFO - Dropped 64 output synapses each for 12 neurons in layer LinearTorch '0_LinearTorch' with shape (12, 128) (Rec:None)
2023-10-21 19:04:22,297 - main - INFO - Dropped 65 output synapses each for 127 neurons in layer LinearTorch '2_LinearTorch' with shape (128, 128) (Rec:None)
2023-10-21 19:04:22,303 - main - INFO - Dropped 72 output synapses each for 128 neurons in layer LinearTorch '4_LinearTorch' with shape (128, 7) (Rec:LIFTorch '3_LIFTorch' with shape (128, 128))
2023-10-21 19:05:20,949 - main - INFO - Dropped 64 output synapses each for 12 neurons in layer LinearTorch '0_LinearTorch' with shape (12, 128) (Rec:None)
2023-10-21 19:05:20,957 - main - INFO - Dropped 65 output synapses each for 127 neurons in layer LinearTorch '2_LinearTorch' with shape (128, 128) (Rec:None)
2023-10-21 19:05:20,963 - main - INFO - Dropped 72 output synapses each for 128 neurons in layer LinearTorch '4_LinearTorch' with shape (128, 7) (Rec:LIFTorch '3_LIFTorch' with shape (128, 128))
2023-10-21 19:06:20,035 - main - INFO - Dropped 64 output synapses each for 12 neurons in layer LinearTorch '0_LinearTorch' with shape (12, 128) (Rec:None)
2023-10-21 19:06:20,041 - main - INFO - Dropped 65 output synapses each for 127 neurons in layer LinearTorch '2_LinearTorch' with shape (128, 128) (Rec:None)
2023-10-21 19:06:20,047 - main - INFO - Dropped 72 output synapses each for 128 neurons in layer LinearTorch '4_LinearTorch' with shape (128, 7) (Rec:LIFTorch '3_LIFTorch' with shape (128, 128))
2023-10-21 19:06:25,986 - main - INFO - Epoch 100 -> Loss:0.7183026060825441, Acc:0.7495977051703631, Best Acc:0.7731057160847967
2023-10-21 19:07:19,208 - main - INFO - Dropped 64 output synapses each for 12 neurons in layer LinearTorch '0_LinearTorch' with shape (12, 128) (Rec:None)
2023-10-21 19:07:19,215 - main - INFO - Dropped 65 output synapses each for 127 neurons in layer LinearTorch '2_LinearTorch' with shape (128, 128) (Rec:None)
2023-10-21 19:07:19,221 - main - INFO - Dropped 72 output synapses each for 128 neurons in layer LinearTorch '4_LinearTorch' with shape (128, 7) (Rec:LIFTorch '3_LIFTorch' with shape (128, 128))
2023-10-21 19:08:18,182 - main - INFO - Dropped 64 output synapses each for 12 neurons in layer LinearTorch '0_LinearTorch' with shape (12, 128) (Rec:None)
2023-10-21 19:08:18,188 - main - INFO - Dropped 65 output synapses each for 127 neurons in layer LinearTorch '2_LinearTorch' with shape (128, 128) (Rec:None)
2023-10-21 19:08:18,194 - main - INFO - Dropped 72 output synapses each for 128 neurons in layer LinearTorch '4_LinearTorch' with shape (128, 7) (Rec:LIFTorch '3_LIFTorch' with shape (128, 128))
2023-10-21 19:09:17,053 - main - INFO - Dropped 64 output synapses each for 12 neurons in layer LinearTorch '0_LinearTorch' with shape (12, 128) (Rec:None)
2023-10-21 19:09:17,059 - main - INFO - Dropped 65 output synapses each for 127 neurons in layer LinearTorch '2_LinearTorch' with shape (128, 128) (Rec:None)
2023-10-21 19:09:17,065 - main - INFO - Dropped 72 output synapses each for 128 neurons in layer LinearTorch '4_LinearTorch' with shape (128, 7) (Rec:LIFTorch '3_LIFTorch' with shape (128, 128))
2023-10-21 19:10:15,865 - main - INFO - Dropped 64 output synapses each for 12 neurons in layer LinearTorch '0_LinearTorch' with shape (12, 128) (Rec:None)
2023-10-21 19:10:15,871 - main - INFO - Dropped 65 output synapses each for 127 neurons in layer LinearTorch '2_LinearTorch' with shape (128, 128) (Rec:None)
2023-10-21 19:10:15,877 - main - INFO - Dropped 72 output synapses each for 128 neurons in layer LinearTorch '4_LinearTorch' with shape (128, 7) (Rec:LIFTorch '3_LIFTorch' with shape (128, 128))
2023-10-21 19:11:14,755 - main - INFO - Dropped 64 output synapses each for 12 neurons in layer LinearTorch '0_LinearTorch' with shape (12, 128) (Rec:None)
2023-10-21 19:11:14,761 - main - INFO - Dropped 65 output synapses each for 127 neurons in layer LinearTorch '2_LinearTorch' with shape (128, 128) (Rec:None)
2023-10-21 19:11:14,767 - main - INFO - Dropped 72 output synapses each for 128 neurons in layer LinearTorch '4_LinearTorch' with shape (128, 7) (Rec:LIFTorch '3_LIFTorch' with shape (128, 128))
2023-10-21 19:12:12,315 - main - INFO - Dropped 64 output synapses each for 12 neurons in layer LinearTorch '0_LinearTorch' with shape (12, 128) (Rec:None)
2023-10-21 19:12:12,321 - main - INFO - Dropped 65 output synapses each for 127 neurons in layer LinearTorch '2_LinearTorch' with shape (128, 128) (Rec:None)
2023-10-21 19:12:12,327 - main - INFO - Dropped 72 output synapses each for 128 neurons in layer LinearTorch '4_LinearTorch' with shape (128, 7) (Rec:LIFTorch '3_LIFTorch' with shape (128, 128))
2023-10-21 19:13:07,371 - main - INFO - Dropped 64 output synapses each for 12 neurons in layer LinearTorch '0_LinearTorch' with shape (12, 128) (Rec:None)
2023-10-21 19:13:07,377 - main - INFO - Dropped 65 output synapses each for 127 neurons in layer LinearTorch '2_LinearTorch' with shape (128, 128) (Rec:None)
2023-10-21 19:13:07,383 - main - INFO - Dropped 72 output synapses each for 128 neurons in layer LinearTorch '4_LinearTorch' with shape (128, 7) (Rec:LIFTorch '3_LIFTorch' with shape (128, 128))
2023-10-21 19:14:06,421 - main - INFO - Dropped 64 output synapses each for 12 neurons in layer LinearTorch '0_LinearTorch' with shape (12, 128) (Rec:None)
2023-10-21 19:14:06,427 - main - INFO - Dropped 65 output synapses each for 127 neurons in layer LinearTorch '2_LinearTorch' with shape (128, 128) (Rec:None)
2023-10-21 19:14:06,433 - main - INFO - Dropped 72 output synapses each for 128 neurons in layer LinearTorch '4_LinearTorch' with shape (128, 7) (Rec:LIFTorch '3_LIFTorch' with shape (128, 128))
2023-10-21 19:15:05,130 - main - INFO - Dropped 64 output synapses each for 12 neurons in layer LinearTorch '0_LinearTorch' with shape (12, 128) (Rec:None)
2023-10-21 19:15:05,137 - main - INFO - Dropped 65 output synapses each for 127 neurons in layer LinearTorch '2_LinearTorch' with shape (128, 128) (Rec:None)
2023-10-21 19:15:05,143 - main - INFO - Dropped 72 output synapses each for 128 neurons in layer LinearTorch '4_LinearTorch' with shape (128, 7) (Rec:LIFTorch '3_LIFTorch' with shape (128, 128))
2023-10-21 19:16:04,073 - main - INFO - Dropped 64 output synapses each for 12 neurons in layer LinearTorch '0_LinearTorch' with shape (12, 128) (Rec:None)
2023-10-21 19:16:04,079 - main - INFO - Dropped 65 output synapses each for 127 neurons in layer LinearTorch '2_LinearTorch' with shape (128, 128) (Rec:None)
2023-10-21 19:16:04,086 - main - INFO - Dropped 72 output synapses each for 128 neurons in layer LinearTorch '4_LinearTorch' with shape (128, 7) (Rec:LIFTorch '3_LIFTorch' with shape (128, 128))
2023-10-21 19:16:10,063 - main - INFO - Epoch 200 -> Loss:0.5601560567937246, Acc:0.7882879731337018, Best Acc:0.7882879731337018
2023-10-21 19:17:03,173 - main - INFO - Dropped 64 output synapses each for 12 neurons in layer LinearTorch '0_LinearTorch' with shape (12, 128) (Rec:None)
2023-10-21 19:17:03,179 - main - INFO - Dropped 65 output synapses each for 127 neurons in layer LinearTorch '2_LinearTorch' with shape (128, 128) (Rec:None)
2023-10-21 19:17:03,186 - main - INFO - Dropped 72 output synapses each for 128 neurons in layer LinearTorch '4_LinearTorch' with shape (128, 7) (Rec:LIFTorch '3_LIFTorch' with shape (128, 128))
2023-10-21 19:18:01,754 - main - INFO - Dropped 64 output synapses each for 12 neurons in layer LinearTorch '0_LinearTorch' with shape (12, 128) (Rec:None)
2023-10-21 19:18:01,760 - main - INFO - Dropped 65 output synapses each for 127 neurons in layer LinearTorch '2_LinearTorch' with shape (128, 128) (Rec:None)
2023-10-21 19:18:01,766 - main - INFO - Dropped 72 output synapses each for 128 neurons in layer LinearTorch '4_LinearTorch' with shape (128, 7) (Rec:LIFTorch '3_LIFTorch' with shape (128, 128))
2023-10-21 19:19:00,390 - main - INFO - Dropped 64 output synapses each for 12 neurons in layer LinearTorch '0_LinearTorch' with shape (12, 128) (Rec:None)
2023-10-21 19:19:00,396 - main - INFO - Dropped 65 output synapses each for 127 neurons in layer LinearTorch '2_LinearTorch' with shape (128, 128) (Rec:None)
2023-10-21 19:19:00,402 - main - INFO - Dropped 72 output synapses each for 128 neurons in layer LinearTorch '4_LinearTorch' with shape (128, 7) (Rec:LIFTorch '3_LIFTorch' with shape (128, 128))
2023-10-21 19:19:59,359 - main - INFO - Dropped 64 output synapses each for 12 neurons in layer LinearTorch '0_LinearTorch' with shape (12, 128) (Rec:None)
2023-10-21 19:19:59,366 - main - INFO - Dropped 65 output synapses each for 127 neurons in layer LinearTorch '2_LinearTorch' with shape (128, 128) (Rec:None)
2023-10-21 19:19:59,372 - main - INFO - Dropped 72 output synapses each for 128 neurons in layer LinearTorch '4_LinearTorch' with shape (128, 7) (Rec:LIFTorch '3_LIFTorch' with shape (128, 128))
2023-10-21 19:20:58,157 - main - INFO - Training finished with accuracy: 0.7958441194990554
